TN:
SF:src\app.module.ts
FNF:0
FNH:0
DA:1,0
DA:2,0
DA:3,0
DA:4,0
DA:5,0
DA:6,0
DA:7,0
DA:8,0
DA:9,0
DA:10,0
DA:11,0
DA:12,0
DA:13,0
DA:14,0
DA:15,0
DA:16,0
DA:17,0
DA:18,0
DA:19,0
DA:20,0
DA:21,0
DA:22,0
DA:23,0
DA:24,0
DA:25,0
DA:26,0
DA:27,0
DA:28,0
DA:29,0
DA:30,0
DA:31,0
DA:32,0
DA:33,0
DA:34,0
DA:35,0
DA:36,0
DA:37,0
DA:38,0
DA:39,0
DA:40,0
DA:41,0
DA:42,0
DA:91,0
LF:43
LH:0
BRF:0
BRH:0
end_of_record
TN:
SF:src\swagger.ts
FN:4,setupSwagger
FNF:1
FNH:0
FNDA:0,setupSwagger
DA:2,0
DA:4,0
DA:5,0
DA:13,0
DA:14,0
LF:5
LH:0
BRF:0
BRH:0
end_of_record
TN:
SF:src\auth\auth.controller.ts
FN:20,(anonymous_4)
FN:23,(anonymous_5)
FN:30,(anonymous_6)
FN:36,(anonymous_7)
FN:43,(anonymous_8)
FN:50,(anonymous_9)
FN:57,(anonymous_10)
FN:63,(anonymous_11)
FNF:8
FNH:0
FNDA:0,(anonymous_4)
FNDA:0,(anonymous_5)
FNDA:0,(anonymous_6)
FNDA:0,(anonymous_7)
FNDA:0,(anonymous_8)
FNDA:0,(anonymous_9)
FNDA:0,(anonymous_10)
FNDA:0,(anonymous_11)
DA:1,0
DA:2,0
DA:4,0
DA:5,0
DA:12,0
DA:13,0
DA:14,0
DA:15,0
DA:16,0
DA:19,0
DA:20,0
DA:23,0
DA:24,0
DA:30,0
DA:31,0
DA:36,0
DA:37,0
DA:38,0
DA:43,0
DA:44,0
DA:50,0
DA:51,0
DA:57,0
DA:58,0
DA:63,0
DA:64,0
LF:26
LH:0
BRF:0
BRH:0
end_of_record
TN:
SF:src\auth\auth.module.ts
FNF:0
FNH:0
DA:1,0
DA:2,0
DA:3,0
DA:4,0
DA:5,0
DA:6,0
DA:7,0
DA:15,0
LF:8
LH:0
BRF:0
BRH:0
end_of_record
TN:
SF:src\auth\auth.service.ts
FN:31,(anonymous_11)
FN:36,(anonymous_12)
FN:48,(anonymous_13)
FN:82,(anonymous_14)
FN:113,(anonymous_15)
FN:130,(anonymous_16)
FN:138,(anonymous_17)
FN:149,(anonymous_18)
FN:165,(anonymous_19)
FN:181,(anonymous_20)
FNF:10
FNH:0
FNDA:0,(anonymous_11)
FNDA:0,(anonymous_12)
FNDA:0,(anonymous_13)
FNDA:0,(anonymous_14)
FNDA:0,(anonymous_15)
FNDA:0,(anonymous_16)
FNDA:0,(anonymous_17)
FNDA:0,(anonymous_18)
FNDA:0,(anonymous_19)
FNDA:0,(anonymous_20)
DA:1,0
DA:7,0
DA:8,0
DA:9,0
DA:27,0
DA:30,0
DA:32,0
DA:33,0
DA:37,0
DA:41,0
DA:45,0
DA:49,0
DA:50,0
DA:52,0
DA:54,0
DA:70,0
DA:71,0
DA:77,0
DA:79,0
DA:83,0
DA:84,0
DA:86,0
DA:87,0
DA:89,0
DA:95,0
DA:97,0
DA:107,0
DA:114,0
DA:115,0
DA:117,0
DA:118,0
DA:120,0
DA:126,0
DA:127,0
DA:131,0
DA:135,0
DA:139,0
DA:140,0
DA:142,0
DA:143,0
DA:146,0
DA:150,0
DA:152,0
DA:154,0
DA:155,0
DA:160,0
DA:162,0
DA:166,0
DA:167,0
DA:168,0
DA:171,0
DA:172,0
DA:176,0
DA:178,0
DA:182,0
DA:183,0
LF:56
LH:0
BRDA:39,0,0,0
BRDA:39,0,1,0
BRDA:43,1,0,0
BRDA:43,1,1,0
BRDA:50,2,0,0
BRDA:84,3,0,0
BRDA:84,4,0,0
BRDA:84,4,1,0
BRDA:87,5,0,0
BRDA:115,6,0,0
BRDA:115,7,0,0
BRDA:115,7,1,0
BRDA:118,8,0,0
BRDA:140,9,0,0
BRDA:152,10,0,0
BRDA:167,11,0,0
BRDA:167,12,0,0
BRDA:167,12,1,0
BRDA:167,12,2,0
BRF:19
BRH:0
end_of_record
TN:
SF:src\auth\guards\jwt-auth.guard.ts
FN:6,(anonymous_1)
FNF:1
FNH:0
FNDA:0,(anonymous_1)
DA:1,0
DA:2,0
DA:5,0
DA:7,0
DA:8,0
LF:5
LH:0
BRDA:7,0,0,0
BRDA:7,1,0,0
BRDA:7,1,1,0
BRF:3
BRH:0
end_of_record
TN:
SF:src\auth\guards\jwt-refresh.guard.ts
FNF:0
FNH:0
DA:1,0
DA:2,0
DA:5,0
LF:3
LH:0
BRF:0
BRH:0
end_of_record
TN:
SF:src\auth\strategies\jwt-refresh.strategy.ts
FN:8,(anonymous_2)
FN:17,(anonymous_3)
FNF:2
FNH:0
FNDA:0,(anonymous_2)
FNDA:0,(anonymous_3)
DA:1,0
DA:2,0
DA:3,0
DA:7,0
DA:9,0
DA:18,0
DA:19,0
LF:7
LH:0
BRF:0
BRH:0
end_of_record
TN:
SF:src\auth\strategies\jwt.strategy.ts
FN:7,(anonymous_2)
FN:15,(anonymous_3)
FNF:2
FNH:0
FNDA:0,(anonymous_2)
FNDA:0,(anonymous_3)
DA:1,0
DA:2,0
DA:3,0
DA:6,0
DA:8,0
DA:16,0
LF:6
LH:0
BRF:0
BRH:0
end_of_record
TN:
SF:src\billing\billing.controller.ts
FN:12,(anonymous_4)
FN:16,(anonymous_5)
FN:21,(anonymous_6)
FN:26,(anonymous_7)
FN:32,(anonymous_8)
FN:38,(anonymous_9)
FNF:6
FNH:0
FNDA:0,(anonymous_4)
FNDA:0,(anonymous_5)
FNDA:0,(anonymous_6)
FNDA:0,(anonymous_7)
FNDA:0,(anonymous_8)
FNDA:0,(anonymous_9)
DA:1,0
DA:2,0
DA:3,0
DA:4,0
DA:5,0
DA:6,0
DA:7,0
DA:11,0
DA:12,0
DA:16,0
DA:17,0
DA:21,0
DA:22,0
DA:26,0
DA:27,0
DA:28,0
DA:32,0
DA:33,0
DA:38,0
DA:43,0
LF:20
LH:0
BRDA:27,0,0,0
BRDA:27,0,1,0
BRF:2
BRH:0
end_of_record
TN:
SF:src\billing\billing.module.ts
FNF:0
FNH:0
DA:1,0
DA:2,0
DA:3,0
DA:9,0
LF:4
LH:0
BRF:0
BRH:0
end_of_record
TN:
SF:src\billing\billing.service.ts
FN:8,(anonymous_2)
FN:10,(anonymous_3)
FN:16,(anonymous_4)
FN:41,(anonymous_5)
FN:69,(anonymous_6)
FN:80,(anonymous_7)
FN:93,(anonymous_8)
FN:107,(anonymous_9)
FN:125,(anonymous_10)
FN:135,(anonymous_11)
FN:136,(anonymous_12)
FNF:11
FNH:0
FNDA:0,(anonymous_2)
FNDA:0,(anonymous_3)
FNDA:0,(anonymous_4)
FNDA:0,(anonymous_5)
FNDA:0,(anonymous_6)
FNDA:0,(anonymous_7)
FNDA:0,(anonymous_8)
FNDA:0,(anonymous_9)
FNDA:0,(anonymous_10)
FNDA:0,(anonymous_11)
FNDA:0,(anonymous_12)
DA:1,0
DA:2,0
DA:3,0
DA:7,0
DA:8,0
DA:11,0
DA:12,0
DA:13,0
DA:17,0
DA:19,0
DA:23,0
DA:24,0
DA:26,0
DA:27,0
DA:29,0
DA:30,0
DA:31,0
DA:32,0
DA:33,0
DA:34,0
DA:36,0
DA:37,0
DA:39,0
DA:41,0
DA:42,0
DA:57,0
DA:59,0
DA:60,0
DA:63,0
DA:66,0
DA:70,0
DA:74,0
DA:76,0
DA:80,0
DA:82,0
DA:88,0
DA:90,0
DA:94,0
DA:103,0
DA:104,0
DA:108,0
DA:126,0
DA:127,0
DA:128,0
DA:129,0
DA:131,0
DA:135,0
DA:136,0
DA:138,0
LF:49
LH:0
BRDA:17,0,0,0
BRDA:23,1,0,0
BRDA:24,2,0,0
BRDA:27,3,0,0
BRDA:36,4,0,0
BRDA:36,4,1,0
BRDA:46,5,0,0
BRDA:46,5,1,0
BRDA:59,6,0,0
BRDA:74,7,0,0
BRDA:82,8,0,0
BRDA:82,8,1,0
BRDA:84,9,0,0
BRDA:84,9,1,0
BRDA:103,10,0,0
BRDA:111,11,0,0
BRDA:111,11,1,0
BRDA:111,12,0,0
BRDA:111,12,1,0
BRDA:114,13,0,0
BRDA:114,13,1,0
BRDA:115,14,0,0
BRDA:115,14,1,0
BRF:23
BRH:0
end_of_record
TN:
SF:src\categories\categories.controller.ts
FN:17,(anonymous_4)
FN:21,(anonymous_5)
FN:26,(anonymous_6)
FN:32,(anonymous_7)
FN:38,(anonymous_8)
FNF:5
FNH:0
FNDA:0,(anonymous_4)
FNDA:0,(anonymous_5)
FNDA:0,(anonymous_6)
FNDA:0,(anonymous_7)
FNDA:0,(anonymous_8)
DA:1,0
DA:2,0
DA:3,0
DA:4,0
DA:5,0
DA:6,0
DA:7,0
DA:11,0
DA:16,0
DA:17,0
DA:21,0
DA:22,0
DA:26,0
DA:27,0
DA:32,0
DA:33,0
DA:38,0
DA:39,0
LF:18
LH:0
BRF:0
BRH:0
end_of_record
TN:
SF:src\categories\categories.module.ts
FNF:0
FNH:0
DA:1,0
DA:2,0
DA:3,0
DA:9,0
LF:4
LH:0
BRF:0
BRH:0
end_of_record
TN:
SF:src\categories\categories.service.ts
FN:6,(anonymous_2)
FN:8,(anonymous_3)
FN:12,(anonymous_4)
FN:16,(anonymous_5)
FN:22,(anonymous_6)
FNF:5
FNH:0
FNDA:0,(anonymous_2)
FNDA:0,(anonymous_3)
FNDA:0,(anonymous_4)
FNDA:0,(anonymous_5)
FNDA:0,(anonymous_6)
DA:1,0
DA:2,0
DA:5,0
DA:6,0
DA:9,0
DA:13,0
DA:17,0
DA:18,0
DA:19,0
DA:23,0
DA:24,0
DA:25,0
DA:26,0
LF:13
LH:0
BRDA:18,0,0,0
BRDA:24,1,0,0
BRF:2
BRH:0
end_of_record
TN:
SF:src\common\decorators\current-user.decorator.ts
FN:13,(anonymous_0)
FNF:1
FNH:0
FNDA:0,(anonymous_0)
DA:1,0
DA:13,0
DA:14,0
DA:15,0
LF:4
LH:0
BRF:0
BRH:0
end_of_record
TN:
SF:src\common\decorators\deprecated.decorator.ts
FN:12,(anonymous_0)
FNF:1
FNH:1
FNDA:1,(anonymous_0)
DA:1,2
DA:3,2
DA:12,2
DA:13,1
LF:4
LH:4
BRF:0
BRH:0
end_of_record
TN:
SF:src\common\decorators\permissions.decorator.ts
FN:4,(anonymous_0)
FNF:1
FNH:0
FNDA:0,(anonymous_0)
DA:1,1
DA:3,1
DA:4,1
LF:3
LH:3
BRF:0
BRH:0
end_of_record
TN:
SF:src\common\decorators\roles.decorator.ts
FN:4,(anonymous_0)
FNF:1
FNH:0
FNDA:0,(anonymous_0)
DA:1,1
DA:3,1
DA:4,1
LF:3
LH:3
BRF:0
BRH:0
end_of_record
TN:
SF:src\common\filters\http-exception.filter.ts
FN:8,(anonymous_2)
FN:10,(anonymous_3)
FN:53,(anonymous_4)
FNF:3
FNH:0
FNDA:0,(anonymous_2)
FNDA:0,(anonymous_3)
FNDA:0,(anonymous_4)
DA:1,0
DA:2,0
DA:4,0
DA:7,0
DA:8,0
DA:11,0
DA:12,0
DA:13,0
DA:14,0
DA:15,0
DA:17,0
DA:22,0
DA:24,0
DA:27,0
DA:28,0
DA:30,0
DA:53,0
DA:55,0
DA:58,0
DA:62,0
DA:74,0
DA:75,0
DA:76,0
LF:23
LH:0
BRDA:17,0,0,0
BRDA:17,0,1,0
BRDA:19,1,0,0
BRDA:19,1,1,0
BRDA:19,1,2,0
BRDA:19,2,0,0
BRDA:19,2,1,0
BRDA:20,3,0,0
BRDA:20,3,1,0
BRDA:21,4,0,0
BRDA:21,4,1,0
BRDA:22,5,0,0
BRDA:22,5,1,0
BRDA:24,6,0,0
BRDA:24,6,1,0
BRDA:26,7,0,0
BRDA:26,7,1,0
BRDA:27,8,0,0
BRDA:27,8,1,0
BRDA:27,8,2,0
BRDA:28,9,0,0
BRDA:28,9,1,0
BRDA:28,9,2,0
BRDA:33,10,0,0
BRDA:33,10,1,0
BRDA:34,11,0,0
BRDA:34,11,1,0
BRDA:35,12,0,0
BRDA:35,12,1,0
BRDA:40,13,0,0
BRDA:40,13,1,0
BRDA:41,14,0,0
BRDA:41,14,1,0
BRDA:42,15,0,0
BRDA:42,15,1,0
BRDA:49,16,0,0
BRDA:49,16,1,0
BRDA:50,17,0,0
BRDA:50,17,1,0
BRDA:55,18,0,0
BRF:40
BRH:0
end_of_record
TN:
SF:src\common\guards\ip-protection.guard.ts
FN:5,(anonymous_1)
FN:12,(anonymous_2)
FNF:2
FNH:2
FNDA:2,(anonymous_1)
FNDA:2,(anonymous_2)
DA:1,1
DA:4,1
DA:6,2
DA:8,2
DA:9,2
DA:10,2
DA:12,2
DA:15,2
DA:16,1
DA:19,1
LF:10
LH:10
BRDA:6,0,0,0
BRDA:9,1,0,2
BRDA:9,1,1,0
BRDA:9,1,2,0
BRDA:10,2,0,2
BRDA:10,2,1,0
BRDA:15,3,0,1
BRF:7
BRH:3
end_of_record
TN:
SF:src\common\guards\jwt-auth.guard.ts
FN:6,(anonymous_1)
FNF:1
FNH:0
FNDA:0,(anonymous_1)
DA:1,0
DA:2,0
DA:5,0
DA:7,0
DA:8,0
LF:5
LH:0
BRDA:7,0,0,0
BRDA:7,1,0,0
BRDA:7,1,1,0
BRF:3
BRH:0
end_of_record
TN:
SF:src\common\guards\permissions.guard.ts
FN:8,(anonymous_2)
FN:13,(anonymous_3)
FN:52,(anonymous_4)
FN:53,(anonymous_5)
FNF:4
FNH:4
FNDA:3,(anonymous_2)
FNDA:3,(anonymous_3)
FNDA:1,(anonymous_4)
FNDA:1,(anonymous_5)
DA:1,1
DA:2,1
DA:3,1
DA:4,1
DA:7,1
DA:9,3
DA:10,3
DA:14,3
DA:19,3
DA:20,1
DA:23,2
DA:24,2
DA:26,2
DA:27,0
DA:30,2
DA:31,1
DA:34,1
DA:48,1
DA:49,0
DA:52,1
DA:53,1
DA:55,1
DA:56,1
DA:59,0
LF:24
LH:21
BRDA:19,0,0,1
BRDA:19,1,0,3
BRDA:19,1,1,2
BRDA:26,2,0,0
BRDA:30,3,0,1
BRDA:30,4,0,2
BRDA:30,4,1,2
BRDA:48,5,0,0
BRDA:55,6,0,1
BRF:9
BRH:7
end_of_record
TN:
SF:src\common\guards\roles.guard.ts
FN:7,(anonymous_2)
FN:9,(anonymous_3)
FNF:2
FNH:2
FNDA:2,(anonymous_2)
FNDA:2,(anonymous_3)
DA:1,1
DA:2,1
DA:3,1
DA:6,1
DA:7,2
DA:10,2
DA:14,2
DA:16,1
DA:17,1
DA:18,0
LF:10
LH:9
BRDA:14,0,0,1
BRDA:17,1,0,1
BRDA:17,2,0,1
BRDA:17,2,1,1
BRF:4
BRH:4
end_of_record
TN:
SF:src\common\interceptors\deprecation.interceptor.ts
FN:8,(anonymous_2)
FN:10,(anonymous_3)
FNF:2
FNH:2
FNDA:2,(anonymous_2)
FNDA:2,(anonymous_3)
DA:1,2
DA:2,2
DA:4,2
DA:7,2
DA:8,2
DA:11,2
DA:16,2
DA:17,2
DA:18,2
DA:19,2
DA:23,2
DA:24,0
DA:26,2
DA:27,2
DA:31,2
LF:15
LH:14
BRDA:16,0,0,2
BRDA:21,1,0,0
BRDA:21,1,1,2
BRDA:23,2,0,0
BRDA:26,3,0,2
BRF:5
BRH:3
end_of_record
TN:
SF:src\common\interceptors\logging.interceptor.ts
FN:8,(anonymous_2)
FN:10,(anonymous_3)
FN:28,(anonymous_4)
FN:56,(anonymous_5)
FNF:4
FNH:0
FNDA:0,(anonymous_2)
FNDA:0,(anonymous_3)
FNDA:0,(anonymous_4)
FNDA:0,(anonymous_5)
DA:1,0
DA:2,0
DA:3,0
DA:4,0
DA:7,0
DA:8,0
DA:11,0
DA:12,0
DA:15,0
DA:16,0
DA:17,0
DA:18,0
DA:19,0
DA:20,0
DA:21,0
DA:22,0
DA:23,0
DA:24,0
DA:25,0
DA:27,0
DA:29,0
DA:30,0
DA:31,0
DA:32,0
DA:33,0
DA:34,0
DA:36,0
DA:38,0
DA:56,0
DA:59,0
LF:30
LH:0
BRDA:11,0,0,0
BRDA:19,1,0,0
BRDA:19,1,1,0
BRDA:19,1,2,0
BRDA:20,2,0,0
BRDA:20,2,1,0
BRDA:30,3,0,0
BRDA:30,3,1,0
BRDA:31,4,0,0
BRDA:31,4,1,0
BRDA:32,5,0,0
BRDA:32,5,1,0
BRDA:33,6,0,0
BRDA:33,6,1,0
BRDA:34,7,0,0
BRDA:34,7,1,0
BRDA:36,8,0,0
BRDA:36,8,1,0
BRDA:36,9,0,0
BRDA:36,9,1,0
BRDA:48,10,0,0
BRDA:48,10,1,0
BRDA:49,11,0,0
BRDA:49,11,1,0
BRF:24
BRH:0
end_of_record
TN:
SF:src\common\interceptors\sanitize-output.interceptor.ts
FN:7,(anonymous_1)
FN:8,(anonymous_2)
FNF:2
FNH:2
FNDA:1,(anonymous_1)
FNDA:1,(anonymous_2)
DA:1,1
DA:2,1
DA:3,1
DA:6,1
DA:8,1
LF:5
LH:5
BRF:0
BRH:0
end_of_record
TN:
SF:src\common\interceptors\tenant-isolation.interceptor.ts
FN:7,(anonymous_1)
FNF:1
FNH:0
FNDA:0,(anonymous_1)
DA:1,0
DA:3,0
DA:6,0
DA:8,0
DA:9,0
DA:12,0
DA:13,0
DA:15,0
LF:8
LH:0
BRDA:8,0,0,0
BRF:1
BRH:0
end_of_record
TN:
SF:src\common\interceptors\transform.interceptor.ts
FN:6,(anonymous_1)
FN:7,(anonymous_2)
FNF:2
FNH:0
FNDA:0,(anonymous_1)
FNDA:0,(anonymous_2)
DA:1,0
DA:2,0
DA:5,0
DA:7,0
LF:4
LH:0
BRF:0
BRH:0
end_of_record
TN:
SF:src\common\middleware\request-context.middleware.ts
FN:4,requestContextMiddleware
FNF:1
FNH:0
FNDA:0,requestContextMiddleware
DA:1,0
DA:4,0
DA:9,0
DA:10,0
DA:12,0
DA:13,0
DA:15,0
DA:16,0
DA:18,0
LF:9
LH:0
BRDA:9,0,0,0
BRDA:9,0,1,0
BRDA:10,1,0,0
BRDA:10,1,1,0
BRF:4
BRH:0
end_of_record
TN:
SF:src\common\pipes\sanitize-input.pipe.ts
FN:6,(anonymous_1)
FNF:1
FNH:0
FNDA:0,(anonymous_1)
DA:1,0
DA:2,0
DA:5,0
DA:7,0
LF:4
LH:0
BRF:0
BRH:0
end_of_record
TN:
SF:src\common\services\startup-validation.service.ts
FN:8,(anonymous_2)
FN:10,(anonymous_3)
FN:15,(anonymous_4)
FN:24,(anonymous_5)
FN:26,(anonymous_6)
FNF:5
FNH:5
FNDA:2,(anonymous_2)
FNDA:2,(anonymous_3)
FNDA:1,(anonymous_4)
FNDA:2,(anonymous_5)
FNDA:4,(anonymous_6)
DA:1,1
DA:2,1
DA:5,1
DA:6,2
DA:8,2
DA:11,2
DA:12,1
DA:16,1
DA:17,1
DA:18,1
DA:20,0
DA:25,2
DA:26,4
DA:28,2
DA:29,1
LF:15
LH:14
BRDA:28,0,0,1
BRF:1
BRH:1
end_of_record
TN:
SF:src\common\utils\pagination.util.ts
FN:1,encodeCursor
FN:5,decodeCursor
FNF:2
FNH:0
FNDA:0,encodeCursor
FNDA:0,decodeCursor
DA:1,0
DA:2,0
DA:5,0
DA:6,0
DA:7,0
DA:8,0
DA:10,0
LF:7
LH:0
BRDA:6,0,0,0
BRF:1
BRH:0
end_of_record
TN:
SF:src\common\utils\sanitization.util.ts
FN:4,sanitizeString
FN:8,sanitizeValue
FN:20,(anonymous_2)
FNF:3
FNH:3
FNDA:3006,sanitizeString
FNDA:6010,sanitizeValue
FNDA:3002,(anonymous_2)
DA:1,2
DA:2,2
DA:4,2
DA:5,3006
DA:8,2
DA:9,6010
DA:11,6010
DA:12,0
DA:15,6010
DA:16,0
DA:19,6010
DA:20,3002
DA:23,6008
DA:24,3005
DA:27,3003
DA:28,3003
DA:29,3003
DA:30,0
DA:33,3003
DA:34,3003
DA:35,3005
DA:37,3003
DA:40,0
LF:23
LH:19
BRDA:9,0,0,0
BRDA:9,1,0,6010
BRDA:9,1,1,6010
BRDA:11,2,0,0
BRDA:15,3,0,0
BRDA:19,4,0,2
BRDA:23,5,0,3005
BRDA:27,6,0,3003
BRDA:29,7,0,0
BRDA:29,8,0,3003
BRDA:29,8,1,0
BRF:11
BRH:6
end_of_record
TN:
SF:src\common\validators\tenant.validator.ts
FN:3,compareTenantField
FN:10,validateTenantIsolation
FNF:2
FNH:2
FNDA:9,compareTenantField
FNDA:2,validateTenantIsolation
DA:1,1
DA:4,9
DA:5,3
DA:6,1
DA:10,1
DA:11,2
DA:13,2
DA:14,1
DA:16,1
DA:17,1
DA:19,1
DA:20,1
DA:22,1
DA:23,1
LF:14
LH:14
BRDA:4,0,0,6
BRDA:4,1,0,9
BRDA:4,1,1,9
BRDA:4,1,2,3
BRDA:5,2,0,1
BRDA:11,3,0,0
BRF:6
BRH:5
end_of_record
TN:
SF:src\config\app.config.ts
FN:3,(anonymous_0)
FNF:1
FNH:0
FNDA:0,(anonymous_0)
DA:1,0
DA:3,0
LF:2
LH:0
BRDA:4,0,0,0
BRDA:4,0,1,0
BRDA:5,1,0,0
BRDA:5,1,1,0
BRDA:6,2,0,0
BRDA:6,2,1,0
BRF:6
BRH:0
end_of_record
TN:
SF:src\config\database.config.ts
FN:3,(anonymous_0)
FNF:1
FNH:0
FNDA:0,(anonymous_0)
DA:1,0
DA:3,0
LF:2
LH:0
BRDA:5,0,0,0
BRDA:5,0,1,0
BRF:2
BRH:0
end_of_record
TN:
SF:src\config\env.validation.ts
FN:12,readEnv
FN:20,validateEnv
FNF:2
FNH:2
FNDA:12,readEnv
FNDA:2,validateEnv
DA:13,12
DA:14,12
DA:15,1
DA:17,11
DA:20,1
DA:21,2
LF:6
LH:6
BRDA:14,0,0,1
BRDA:14,1,0,12
BRDA:14,1,1,4
BRDA:14,1,2,4
BRDA:14,1,3,8
BRDA:17,2,0,11
BRDA:17,2,1,7
BRDA:17,2,2,0
BRF:8
BRH:7
end_of_record
TN:
SF:src\config\jwt.config.ts
FN:3,(anonymous_0)
FNF:1
FNH:0
FNDA:0,(anonymous_0)
DA:1,0
DA:3,0
LF:2
LH:0
BRDA:4,0,0,0
BRDA:4,0,1,0
BRDA:5,1,0,0
BRDA:5,1,1,0
BRDA:6,2,0,0
BRDA:6,2,1,0
BRDA:7,3,0,0
BRDA:7,3,1,0
BRF:8
BRH:0
end_of_record
TN:
SF:src\config\redis.config.ts
FN:3,(anonymous_0)
FNF:1
FNH:0
FNDA:0,(anonymous_0)
DA:1,0
DA:3,0
LF:2
LH:0
BRDA:5,0,0,0
BRDA:5,0,1,0
BRF:2
BRH:0
end_of_record
TN:
SF:src\medical\medical.service.ts
FN:7,allocateBatchDeduction
FN:8,(anonymous_1)
FN:9,(anonymous_2)
FNF:3
FNH:3
FNDA:2,allocateBatchDeduction
FNDA:5,(anonymous_1)
FNDA:5,(anonymous_2)
DA:7,1
DA:8,5
DA:9,5
DA:11,2
DA:12,1
DA:15,1
DA:16,1
DA:18,1
DA:19,3
DA:20,2
DA:21,2
DA:22,2
DA:23,2
DA:27,1
LF:14
LH:14
BRDA:11,0,0,1
BRDA:19,1,0,1
BRDA:21,2,0,2
BRF:3
BRH:3
end_of_record
TN:
SF:src\modules\auth\auth.controller.ts
FN:16,(anonymous_4)
FN:19,(anonymous_5)
FN:25,(anonymous_6)
FN:34,(anonymous_7)
FN:43,(anonymous_8)
FN:50,(anonymous_9)
FN:56,(anonymous_10)
FN:62,(anonymous_11)
FNF:8
FNH:0
FNDA:0,(anonymous_4)
FNDA:0,(anonymous_5)
FNDA:0,(anonymous_6)
FNDA:0,(anonymous_7)
FNDA:0,(anonymous_8)
FNDA:0,(anonymous_9)
FNDA:0,(anonymous_10)
FNDA:0,(anonymous_11)
DA:1,0
DA:2,0
DA:3,0
DA:4,0
DA:5,0
DA:6,0
DA:7,0
DA:8,0
DA:9,0
DA:10,0
DA:11,0
DA:12,0
DA:15,0
DA:16,0
DA:19,0
DA:20,0
DA:25,0
DA:26,0
DA:27,0
DA:28,0
DA:34,0
DA:35,0
DA:36,0
DA:37,0
DA:43,0
DA:44,0
DA:50,0
DA:51,0
DA:56,0
DA:57,0
DA:62,0
DA:63,0
LF:32
LH:0
BRDA:26,0,0,0
BRDA:26,0,1,0
BRDA:26,0,2,0
BRDA:27,1,0,0
BRDA:27,1,1,0
BRDA:36,2,0,0
BRDA:36,2,1,0
BRF:7
BRH:0
end_of_record
TN:
SF:src\modules\auth\auth.module.ts
FN:17,(anonymous_1)
FNF:1
FNH:0
FNDA:0,(anonymous_1)
DA:1,0
DA:2,0
DA:3,0
DA:4,0
DA:5,0
DA:6,0
DA:7,0
DA:8,0
DA:9,0
DA:10,0
DA:17,0
DA:28,0
LF:12
LH:0
BRDA:18,0,0,0
BRDA:18,0,1,0
BRDA:19,1,0,0
BRDA:19,1,1,0
BRF:4
BRH:0
end_of_record
TN:
SF:src\modules\auth\auth.service.ts
FN:17,(anonymous_11)
FN:23,(anonymous_12)
FN:35,(anonymous_13)
FN:42,(anonymous_14)
FN:68,(anonymous_15)
FN:93,(anonymous_16)
FN:137,(anonymous_17)
FN:206,(anonymous_18)
FN:258,(anonymous_19)
FN:275,(anonymous_20)
FN:283,(anonymous_21)
FN:301,(anonymous_22)
FN:317,(anonymous_23)
FNF:13
FNH:5
FNDA:3,(anonymous_11)
FNDA:0,(anonymous_12)
FNDA:1,(anonymous_13)
FNDA:0,(anonymous_14)
FNDA:0,(anonymous_15)
FNDA:1,(anonymous_16)
FNDA:1,(anonymous_17)
FNDA:0,(anonymous_18)
FNDA:0,(anonymous_19)
FNDA:0,(anonymous_20)
FNDA:1,(anonymous_21)
FNDA:0,(anonymous_22)
FNDA:0,(anonymous_23)
DA:1,1
DA:2,1
DA:3,1
DA:4,1
DA:5,1
DA:6,1
DA:14,1
DA:15,3
DA:18,3
DA:19,3
DA:20,3
DA:24,0
DA:25,0
DA:26,0
DA:27,0
DA:28,0
DA:29,0
DA:30,0
DA:31,0
DA:32,0
DA:36,1
DA:37,1
DA:38,1
DA:47,0
DA:48,0
DA:49,0
DA:50,0
DA:52,0
DA:56,0
DA:64,0
DA:65,0
DA:69,0
DA:70,0
DA:80,0
DA:94,1
DA:95,1
DA:97,1
DA:99,0
DA:100,0
DA:118,0
DA:119,0
DA:127,0
DA:132,0
DA:133,0
DA:134,0
DA:138,1
DA:140,1
DA:141,0
DA:142,0
DA:143,0
DA:146,0
DA:147,0
DA:148,0
DA:149,0
DA:151,0
DA:156,0
DA:162,0
DA:172,0
DA:175,0
DA:180,0
DA:191,0
DA:197,0
DA:198,0
DA:203,0
DA:207,0
DA:208,0
DA:210,0
DA:220,0
DA:221,0
DA:222,0
DA:223,0
DA:224,0
DA:225,0
DA:229,0
DA:230,0
DA:231,0
DA:234,0
DA:239,0
DA:240,0
DA:241,0
DA:247,0
DA:253,0
DA:254,0
DA:255,0
DA:259,0
DA:260,0
DA:262,0
DA:263,0
DA:267,0
DA:271,0
DA:272,0
DA:276,0
DA:277,0
DA:278,0
DA:279,0
DA:280,0
DA:284,1
DA:285,1
DA:286,0
DA:287,0
DA:288,0
DA:289,0
DA:293,0
DA:297,0
DA:298,0
DA:302,0
DA:303,0
DA:304,0
DA:305,0
DA:306,0
DA:322,0
DA:324,0
DA:325,0
LF:113
LH:21
BRDA:26,0,0,0
BRDA:29,1,0,0
BRDA:30,2,0,0
BRDA:31,3,0,0
BRDA:37,4,0,1
BRDA:45,5,0,0
BRDA:47,6,0,0
BRDA:47,6,1,0
BRDA:48,7,0,0
BRDA:48,7,1,0
BRDA:49,8,0,0
BRDA:49,8,1,0
BRDA:50,9,0,0
BRDA:50,9,1,0
BRDA:50,10,0,0
BRDA:50,10,1,0
BRDA:76,11,0,0
BRDA:76,11,1,0
BRDA:95,12,0,0
BRDA:111,13,0,0
BRDA:111,13,1,0
BRDA:140,14,0,1
BRDA:140,15,0,1
BRDA:140,15,1,0
BRDA:141,16,0,0
BRDA:141,17,0,0
BRDA:141,17,1,0
BRDA:147,18,0,0
BRDA:148,19,0,0
BRDA:148,19,1,0
BRDA:149,20,0,0
BRDA:149,20,1,0
BRDA:185,21,0,0
BRDA:185,21,1,0
BRDA:186,22,0,0
BRDA:186,22,1,0
BRDA:187,23,0,0
BRDA:187,23,1,0
BRDA:208,24,0,0
BRDA:208,25,0,0
BRDA:208,25,1,0
BRDA:223,26,0,0
BRDA:229,27,0,0
BRDA:239,28,0,0
BRDA:239,28,1,0
BRDA:240,29,0,0
BRDA:260,30,0,0
BRDA:277,31,0,0
BRDA:285,32,0,1
BRDA:303,33,0,0
BRDA:328,34,0,0
BRDA:328,34,1,0
BRF:52
BRH:4
end_of_record
TN:
SF:src\modules\auth\guards\jwt-refresh.guard.ts
FN:6,(anonymous_1)
FNF:1
FNH:0
FNDA:0,(anonymous_1)
DA:1,0
DA:2,0
DA:5,0
DA:7,0
DA:8,0
LF:5
LH:0
BRDA:7,0,0,0
BRDA:7,1,0,0
BRDA:7,1,1,0
BRF:3
BRH:0
end_of_record
TN:
SF:src\modules\auth\strategies\jwt-refresh.strategy.ts
FN:8,(anonymous_2)
FN:16,(anonymous_3)
FNF:2
FNH:0
FNDA:0,(anonymous_2)
FNDA:0,(anonymous_3)
DA:1,0
DA:2,0
DA:3,0
DA:4,0
DA:7,0
DA:9,0
DA:17,0
LF:7
LH:0
BRF:0
BRH:0
end_of_record
TN:
SF:src\modules\auth\strategies\jwt.strategy.ts
FN:8,(anonymous_2)
FN:16,(anonymous_3)
FNF:2
FNH:0
FNDA:0,(anonymous_2)
FNDA:0,(anonymous_3)
DA:1,0
DA:2,0
DA:3,0
DA:4,0
DA:7,0
DA:9,0
DA:17,0
LF:7
LH:0
BRF:0
BRH:0
end_of_record
TN:
SF:src\modules\billing-pos\billing-pos.controller.ts
FN:26,(anonymous_4)
FN:31,(anonymous_5)
FN:37,(anonymous_6)
FN:43,(anonymous_7)
FN:50,(anonymous_8)
FN:57,(anonymous_9)
FN:64,(anonymous_10)
FN:71,(anonymous_11)
FN:78,(anonymous_12)
FN:85,(anonymous_13)
FN:92,(anonymous_14)
FN:99,(anonymous_15)
FN:106,(anonymous_16)
FN:112,(anonymous_17)
FN:119,(anonymous_18)
FN:126,(anonymous_19)
FN:133,(anonymous_20)
FN:140,(anonymous_21)
FN:146,(anonymous_22)
FN:153,(anonymous_23)
FNF:20
FNH:0
FNDA:0,(anonymous_4)
FNDA:0,(anonymous_5)
FNDA:0,(anonymous_6)
FNDA:0,(anonymous_7)
FNDA:0,(anonymous_8)
FNDA:0,(anonymous_9)
FNDA:0,(anonymous_10)
FNDA:0,(anonymous_11)
FNDA:0,(anonymous_12)
FNDA:0,(anonymous_13)
FNDA:0,(anonymous_14)
FNDA:0,(anonymous_15)
FNDA:0,(anonymous_16)
FNDA:0,(anonymous_17)
FNDA:0,(anonymous_18)
FNDA:0,(anonymous_19)
FNDA:0,(anonymous_20)
FNDA:0,(anonymous_21)
FNDA:0,(anonymous_22)
FNDA:0,(anonymous_23)
DA:1,0
DA:2,0
DA:3,0
DA:4,0
DA:5,0
DA:6,0
DA:7,0
DA:8,0
DA:21,0
DA:25,0
DA:26,0
DA:31,0
DA:32,0
DA:37,0
DA:38,0
DA:43,0
DA:44,0
DA:50,0
DA:51,0
DA:57,0
DA:58,0
DA:64,0
DA:65,0
DA:71,0
DA:72,0
DA:78,0
DA:79,0
DA:85,0
DA:86,0
DA:92,0
DA:93,0
DA:99,0
DA:100,0
DA:106,0
DA:107,0
DA:112,0
DA:113,0
DA:119,0
DA:120,0
DA:126,0
DA:127,0
DA:133,0
DA:134,0
DA:140,0
DA:141,0
DA:146,0
DA:147,0
DA:153,0
DA:154,0
LF:49
LH:0
BRF:0
BRH:0
end_of_record
TN:
SF:src\modules\billing-pos\billing-pos.module.ts
FNF:0
FNH:0
DA:1,0
DA:2,0
DA:3,0
DA:4,0
DA:5,0
DA:13,0
LF:6
LH:0
BRF:0
BRH:0
end_of_record
TN:
SF:src\modules\billing-pos\billing-pos.repository.ts
FN:7,(anonymous_2)
FN:9,(anonymous_3)
FN:21,(anonymous_4)
FN:35,(anonymous_5)
FN:42,(anonymous_6)
FNF:5
FNH:0
FNDA:0,(anonymous_2)
FNDA:0,(anonymous_3)
FNDA:0,(anonymous_4)
FNDA:0,(anonymous_5)
FNDA:0,(anonymous_6)
DA:1,1
DA:3,1
DA:6,1
DA:7,0
DA:10,0
DA:27,0
DA:28,0
DA:29,0
DA:30,0
DA:31,0
DA:32,0
DA:36,0
DA:48,0
LF:13
LH:3
BRDA:29,0,0,0
BRDA:29,0,1,0
BRDA:30,1,0,0
BRDA:30,1,1,0
BRDA:31,2,0,0
BRDA:31,2,1,0
BRF:6
BRH:0
end_of_record
TN:
SF:src\modules\billing-pos\billing-pos.service.ts
FN:50,(anonymous_2)
FN:56,(anonymous_3)
FN:60,(anonymous_4)
FN:64,(anonymous_5)
FN:68,(anonymous_6)
FN:73,(anonymous_7)
FN:85,(anonymous_8)
FN:86,(anonymous_9)
FN:88,(anonymous_10)
FN:99,(anonymous_11)
FN:110,(anonymous_12)
FN:270,(anonymous_13)
FN:292,(anonymous_14)
FN:310,(anonymous_15)
FN:316,(anonymous_16)
FN:325,(anonymous_17)
FN:334,(anonymous_18)
FN:343,(anonymous_19)
FN:357,(anonymous_20)
FN:359,(anonymous_21)
FN:361,(anonymous_22)
FN:392,(anonymous_23)
FN:416,(anonymous_24)
FN:442,(anonymous_25)
FN:446,(anonymous_26)
FN:466,(anonymous_27)
FN:513,(anonymous_28)
FN:523,(anonymous_29)
FN:576,(anonymous_30)
FN:578,(anonymous_31)
FN:579,(anonymous_32)
FN:580,(anonymous_33)
FN:600,(anonymous_34)
FN:613,(anonymous_35)
FN:629,(anonymous_36)
FN:646,(anonymous_37)
FN:661,(anonymous_38)
FN:702,(anonymous_39)
FN:708,(anonymous_40)
FN:718,(anonymous_41)
FNF:40
FNH:7
FNDA:2,(anonymous_2)
FNDA:0,(anonymous_3)
FNDA:0,(anonymous_4)
FNDA:0,(anonymous_5)
FNDA:1,(anonymous_6)
FNDA:1,(anonymous_7)
FNDA:1,(anonymous_8)
FNDA:1,(anonymous_9)
FNDA:1,(anonymous_10)
FNDA:2,(anonymous_11)
FNDA:0,(anonymous_12)
FNDA:0,(anonymous_13)
FNDA:0,(anonymous_14)
FNDA:0,(anonymous_15)
FNDA:0,(anonymous_16)
FNDA:0,(anonymous_17)
FNDA:0,(anonymous_18)
FNDA:0,(anonymous_19)
FNDA:0,(anonymous_20)
FNDA:0,(anonymous_21)
FNDA:0,(anonymous_22)
FNDA:0,(anonymous_23)
FNDA:0,(anonymous_24)
FNDA:0,(anonymous_25)
FNDA:0,(anonymous_26)
FNDA:0,(anonymous_27)
FNDA:0,(anonymous_28)
FNDA:0,(anonymous_29)
FNDA:0,(anonymous_30)
FNDA:0,(anonymous_31)
FNDA:0,(anonymous_32)
FNDA:0,(anonymous_33)
FNDA:0,(anonymous_34)
FNDA:0,(anonymous_35)
FNDA:0,(anonymous_36)
FNDA:0,(anonymous_37)
FNDA:0,(anonymous_38)
FNDA:0,(anonymous_39)
FNDA:0,(anonymous_40)
FNDA:0,(anonymous_41)
DA:1,1
DA:2,1
DA:11,1
DA:12,1
DA:26,1
DA:29,1
DA:30,2
DA:39,2
DA:45,2
DA:51,2
DA:52,2
DA:53,2
DA:57,0
DA:61,0
DA:65,0
DA:72,1
DA:73,1
DA:74,1
DA:75,1
DA:76,1
DA:77,1
DA:78,1
DA:81,1
DA:82,1
DA:85,1
DA:86,1
DA:87,1
DA:88,1
DA:89,1
DA:90,1
DA:91,1
DA:92,1
DA:93,1
DA:94,1
DA:96,1
DA:100,2
DA:102,1
DA:106,1
DA:109,1
DA:110,1
DA:111,0
DA:117,0
DA:146,0
DA:148,0
DA:153,0
DA:171,0
DA:172,0
DA:177,0
DA:178,0
DA:181,0
DA:182,0
DA:184,0
DA:185,0
DA:201,0
DA:202,0
DA:203,0
DA:204,0
DA:205,0
DA:220,0
DA:224,0
DA:225,0
DA:226,0
DA:227,0
DA:228,0
DA:243,0
DA:247,0
DA:261,0
DA:264,1
DA:267,0
DA:271,0
DA:272,0
DA:273,0
DA:275,0
DA:276,0
DA:277,0
DA:278,0
DA:279,0
DA:280,0
DA:288,0
DA:289,0
DA:293,0
DA:294,0
DA:295,0
DA:300,0
DA:311,0
DA:312,0
DA:313,0
DA:317,0
DA:318,0
DA:322,0
DA:326,0
DA:327,0
DA:331,0
DA:335,0
DA:336,0
DA:340,0
DA:344,0
DA:345,0
DA:354,0
DA:358,0
DA:359,0
DA:361,0
DA:362,0
DA:363,0
DA:378,0
DA:379,0
DA:380,0
DA:391,0
DA:392,0
DA:393,0
DA:394,0
DA:395,0
DA:396,0
DA:411,0
DA:415,0
DA:416,0
DA:417,0
DA:418,0
DA:419,0
DA:420,0
DA:435,0
DA:439,0
DA:443,0
DA:444,0
DA:446,0
DA:447,0
DA:448,0
DA:465,0
DA:466,0
DA:467,0
DA:469,0
DA:470,0
DA:471,0
DA:472,0
DA:474,0
DA:492,0
DA:505,0
DA:508,0
DA:509,0
DA:510,0
DA:514,0
DA:516,0
DA:520,0
DA:522,0
DA:523,0
DA:524,0
DA:525,0
DA:542,0
DA:543,0
DA:544,0
DA:563,0
DA:569,0
DA:572,0
DA:573,0
DA:577,0
DA:578,0
DA:579,0
DA:580,0
DA:581,0
DA:582,0
DA:584,0
DA:601,0
DA:614,0
DA:630,0
DA:631,0
DA:633,0
DA:647,0
DA:662,0
DA:663,0
DA:673,0
DA:674,0
DA:684,0
DA:686,0
DA:703,0
DA:704,0
DA:705,0
DA:709,0
DA:710,0
DA:712,0
DA:713,0
DA:715,0
DA:716,0
DA:718,0
DA:719,0
DA:733,0
DA:744,0
LF:186
LH:38
BRDA:75,0,0,1
BRDA:75,0,1,1
BRDA:77,1,0,1
BRDA:77,1,1,1
BRDA:78,2,0,0
BRDA:78,2,1,1
BRDA:81,3,0,0
BRDA:81,3,1,1
BRDA:87,4,0,1
BRDA:87,4,1,1
BRDA:90,5,0,1
BRDA:90,5,1,0
BRDA:91,6,0,1
BRDA:91,6,1,0
BRDA:92,7,0,1
BRDA:92,7,1,0
BRDA:93,8,0,1
BRDA:93,8,1,1
BRDA:94,9,0,0
BRDA:94,9,1,1
BRDA:100,10,0,1
BRDA:112,11,0,0
BRDA:112,11,1,0
BRDA:113,12,0,0
BRDA:113,12,1,0
BRDA:114,13,0,0
BRDA:114,13,1,0
BRDA:120,14,0,0
BRDA:120,14,1,0
BRDA:121,15,0,0
BRDA:121,15,1,0
BRDA:122,16,0,0
BRDA:122,16,1,0
BRDA:123,17,0,0
BRDA:123,17,1,0
BRDA:124,18,0,0
BRDA:124,18,1,0
BRDA:139,19,0,0
BRDA:139,19,1,0
BRDA:148,20,0,0
BRDA:148,20,1,0
BRDA:149,21,0,0
BRDA:149,21,1,0
BRDA:150,22,0,0
BRDA:150,22,1,0
BRDA:151,23,0,0
BRDA:151,23,1,0
BRDA:157,24,0,0
BRDA:157,24,1,0
BRDA:171,25,0,0
BRDA:171,26,0,0
BRDA:171,26,1,0
BRDA:177,27,0,0
BRDA:182,28,0,0
BRDA:188,29,0,0
BRDA:188,29,1,0
BRDA:190,30,0,0
BRDA:190,30,1,0
BRDA:201,31,0,0
BRDA:201,32,0,0
BRDA:201,32,1,0
BRDA:203,33,0,0
BRDA:208,34,0,0
BRDA:208,34,1,0
BRDA:224,35,0,0
BRDA:224,36,0,0
BRDA:224,36,1,0
BRDA:226,37,0,0
BRDA:231,38,0,0
BRDA:231,38,1,0
BRDA:250,39,0,0
BRDA:250,39,1,0
BRDA:264,40,0,1
BRDA:264,40,1,0
BRDA:271,41,0,0
BRDA:271,41,1,0
BRDA:272,42,0,0
BRDA:272,42,1,0
BRDA:276,43,0,0
BRDA:277,44,0,0
BRDA:278,45,0,0
BRDA:279,46,0,0
BRDA:294,47,0,0
BRDA:385,48,0,0
BRDA:385,48,1,0
BRDA:391,49,0,0
BRDA:391,50,0,0
BRDA:391,50,1,0
BRDA:394,51,0,0
BRDA:415,52,0,0
BRDA:415,53,0,0
BRDA:415,53,1,0
BRDA:418,54,0,0
BRDA:444,55,0,0
BRDA:467,56,0,0
BRDA:467,57,0,0
BRDA:467,57,1,0
BRDA:514,58,0,0
BRDA:520,59,0,0
BRDA:581,60,0,0
BRDA:581,60,1,0
BRDA:604,61,0,0
BRDA:604,61,1,0
BRDA:617,62,0,0
BRDA:617,62,1,0
BRDA:631,63,0,0
BRDA:650,64,0,0
BRDA:650,64,1,0
BRDA:651,65,0,0
BRDA:651,65,1,0
BRDA:662,66,0,0
BRDA:673,67,0,0
BRDA:684,68,0,0
BRDA:710,69,0,0
BRDA:713,70,0,0
BRDA:738,71,0,0
BRDA:738,71,1,0
BRF:117
BRH:16
end_of_record
TN:
SF:src\modules\branches\branches.controller.ts
FN:15,(anonymous_4)
FN:20,(anonymous_5)
FN:26,(anonymous_6)
FN:32,(anonymous_7)
FN:39,(anonymous_8)
FNF:5
FNH:0
FNDA:0,(anonymous_4)
FNDA:0,(anonymous_5)
FNDA:0,(anonymous_6)
FNDA:0,(anonymous_7)
FNDA:0,(anonymous_8)
DA:1,0
DA:2,0
DA:3,0
DA:4,0
DA:5,0
DA:6,0
DA:7,0
DA:8,0
DA:9,0
DA:10,0
DA:14,0
DA:15,0
DA:20,0
DA:21,0
DA:26,0
DA:27,0
DA:32,0
DA:33,0
DA:39,0
DA:40,0
LF:20
LH:0
BRF:0
BRH:0
end_of_record
TN:
SF:src\modules\branches\branches.module.ts
FNF:0
FNH:0
DA:1,0
DA:2,0
DA:3,0
DA:4,0
DA:7,0
LF:5
LH:0
BRF:0
BRH:0
end_of_record
TN:
SF:src\modules\branches\branches.repository.ts
FN:8,(anonymous_2)
FN:10,(anonymous_3)
FN:14,(anonymous_4)
FN:18,(anonymous_5)
FN:22,(anonymous_6)
FNF:5
FNH:0
FNDA:0,(anonymous_2)
FNDA:0,(anonymous_3)
FNDA:0,(anonymous_4)
FNDA:0,(anonymous_5)
FNDA:0,(anonymous_6)
DA:1,0
DA:2,0
DA:7,0
DA:8,0
DA:11,0
DA:15,0
DA:19,0
DA:23,0
LF:8
LH:0
BRF:0
BRH:0
end_of_record
TN:
SF:src\modules\branches\branches.service.ts
FN:8,(anonymous_2)
FN:10,(anonymous_3)
FN:14,(anonymous_4)
FN:18,(anonymous_5)
FN:24,(anonymous_6)
FNF:5
FNH:0
FNDA:0,(anonymous_2)
FNDA:0,(anonymous_3)
FNDA:0,(anonymous_4)
FNDA:0,(anonymous_5)
FNDA:0,(anonymous_6)
DA:1,0
DA:2,0
DA:7,0
DA:8,0
DA:11,0
DA:15,0
DA:19,0
DA:20,0
DA:21,0
DA:25,0
DA:26,0
LF:11
LH:0
BRDA:20,0,0,0
BRF:1
BRH:0
end_of_record
TN:
SF:src\modules\brands\brands.controller.ts
FN:14,(anonymous_4)
FN:19,(anonymous_5)
FN:25,(anonymous_6)
FN:31,(anonymous_7)
FN:38,(anonymous_8)
FN:45,(anonymous_9)
FN:52,(anonymous_10)
FNF:7
FNH:0
FNDA:0,(anonymous_4)
FNDA:0,(anonymous_5)
FNDA:0,(anonymous_6)
FNDA:0,(anonymous_7)
FNDA:0,(anonymous_8)
FNDA:0,(anonymous_9)
FNDA:0,(anonymous_10)
DA:1,0
DA:2,0
DA:3,0
DA:4,0
DA:5,0
DA:6,0
DA:7,0
DA:8,0
DA:9,0
DA:13,0
DA:14,0
DA:19,0
DA:20,0
DA:25,0
DA:26,0
DA:31,0
DA:32,0
DA:38,0
DA:39,0
DA:45,0
DA:46,0
DA:52,0
DA:53,0
LF:23
LH:0
BRF:0
BRH:0
end_of_record
TN:
SF:src\modules\brands\brands.module.ts
FNF:0
FNH:0
DA:1,0
DA:2,0
DA:3,0
DA:4,0
DA:11,0
LF:5
LH:0
BRF:0
BRH:0
end_of_record
TN:
SF:src\modules\brands\brands.repository.ts
FN:7,(anonymous_2)
FN:9,(anonymous_3)
FN:15,(anonymous_4)
FN:19,(anonymous_5)
FN:23,(anonymous_6)
FN:27,(anonymous_7)
FN:34,(anonymous_8)
FNF:7
FNH:0
FNDA:0,(anonymous_2)
FNDA:0,(anonymous_3)
FNDA:0,(anonymous_4)
FNDA:0,(anonymous_5)
FNDA:0,(anonymous_6)
FNDA:0,(anonymous_7)
FNDA:0,(anonymous_8)
DA:1,0
DA:2,0
DA:6,0
DA:7,0
DA:10,0
DA:16,0
DA:20,0
DA:24,0
DA:28,0
DA:35,0
LF:10
LH:0
BRF:0
BRH:0
end_of_record
TN:
SF:src\modules\brands\brands.service.ts
FN:8,(anonymous_2)
FN:13,(anonymous_3)
FN:17,(anonymous_4)
FN:21,(anonymous_5)
FN:27,(anonymous_6)
FN:32,(anonymous_7)
FN:37,(anonymous_8)
FNF:7
FNH:0
FNDA:0,(anonymous_2)
FNDA:0,(anonymous_3)
FNDA:0,(anonymous_4)
FNDA:0,(anonymous_5)
FNDA:0,(anonymous_6)
FNDA:0,(anonymous_7)
FNDA:0,(anonymous_8)
DA:1,0
DA:2,0
DA:3,0
DA:7,0
DA:9,0
DA:10,0
DA:14,0
DA:18,0
DA:22,0
DA:23,0
DA:24,0
DA:28,0
DA:29,0
DA:33,0
DA:34,0
DA:38,0
DA:39,0
DA:40,0
LF:18
LH:0
BRDA:23,0,0,0
BRDA:39,1,0,0
BRF:2
BRH:0
end_of_record
TN:
SF:src\modules\businesses\businesses.controller.ts
FN:15,(anonymous_4)
FN:20,(anonymous_5)
FN:26,(anonymous_6)
FN:32,(anonymous_7)
FN:39,(anonymous_8)
FNF:5
FNH:0
FNDA:0,(anonymous_4)
FNDA:0,(anonymous_5)
FNDA:0,(anonymous_6)
FNDA:0,(anonymous_7)
FNDA:0,(anonymous_8)
DA:1,0
DA:2,0
DA:3,0
DA:4,0
DA:5,0
DA:6,0
DA:7,0
DA:8,0
DA:9,0
DA:10,0
DA:14,0
DA:15,0
DA:20,0
DA:21,0
DA:26,0
DA:27,0
DA:32,0
DA:33,0
DA:39,0
DA:40,0
LF:20
LH:0
BRF:0
BRH:0
end_of_record
TN:
SF:src\modules\businesses\businesses.module.ts
FNF:0
FNH:0
DA:1,0
DA:2,0
DA:3,0
DA:4,0
DA:11,0
LF:5
LH:0
BRF:0
BRH:0
end_of_record
TN:
SF:src\modules\businesses\businesses.repository.ts
FN:8,(anonymous_2)
FN:10,(anonymous_3)
FN:14,(anonymous_4)
FN:18,(anonymous_5)
FN:23,(anonymous_6)
FNF:5
FNH:0
FNDA:0,(anonymous_2)
FNDA:0,(anonymous_3)
FNDA:0,(anonymous_4)
FNDA:0,(anonymous_5)
FNDA:0,(anonymous_6)
DA:1,0
DA:2,0
DA:7,0
DA:8,0
DA:11,0
DA:15,0
DA:19,0
DA:20,0
DA:24,0
DA:25,0
LF:10
LH:0
BRDA:19,0,0,0
BRDA:24,1,0,0
BRF:2
BRH:0
end_of_record
TN:
SF:src\modules\businesses\businesses.service.ts
FN:8,(anonymous_2)
FN:10,(anonymous_3)
FN:14,(anonymous_4)
FN:18,(anonymous_5)
FN:24,(anonymous_6)
FNF:5
FNH:0
FNDA:0,(anonymous_2)
FNDA:0,(anonymous_3)
FNDA:0,(anonymous_4)
FNDA:0,(anonymous_5)
FNDA:0,(anonymous_6)
DA:1,0
DA:2,0
DA:7,0
DA:8,0
DA:11,0
DA:15,0
DA:19,0
DA:20,0
DA:21,0
DA:25,0
DA:26,0
LF:11
LH:0
BRDA:20,0,0,0
BRF:1
BRH:0
end_of_record
TN:
SF:src\modules\categories\categories.controller.ts
FN:19,(anonymous_4)
FN:24,(anonymous_5)
FN:30,(anonymous_6)
FN:36,(anonymous_7)
FN:43,(anonymous_8)
FN:50,(anonymous_9)
FN:57,(anonymous_10)
FN:64,(anonymous_11)
FN:70,(anonymous_12)
FN:77,(anonymous_13)
FN:84,(anonymous_14)
FN:91,(anonymous_15)
FNF:12
FNH:0
FNDA:0,(anonymous_4)
FNDA:0,(anonymous_5)
FNDA:0,(anonymous_6)
FNDA:0,(anonymous_7)
FNDA:0,(anonymous_8)
FNDA:0,(anonymous_9)
FNDA:0,(anonymous_10)
FNDA:0,(anonymous_11)
FNDA:0,(anonymous_12)
FNDA:0,(anonymous_13)
FNDA:0,(anonymous_14)
FNDA:0,(anonymous_15)
DA:1,0
DA:2,0
DA:3,0
DA:4,0
DA:5,0
DA:6,0
DA:7,0
DA:8,0
DA:9,0
DA:18,0
DA:19,0
DA:24,0
DA:25,0
DA:30,0
DA:31,0
DA:36,0
DA:37,0
DA:43,0
DA:44,0
DA:50,0
DA:51,0
DA:57,0
DA:58,0
DA:64,0
DA:65,0
DA:70,0
DA:71,0
DA:77,0
DA:78,0
DA:84,0
DA:85,0
DA:91,0
DA:92,0
LF:33
LH:0
BRF:0
BRH:0
end_of_record
TN:
SF:src\modules\categories\categories.module.ts
FNF:0
FNH:0
DA:1,0
DA:2,0
DA:3,0
DA:4,0
DA:11,0
LF:5
LH:0
BRF:0
BRH:0
end_of_record
TN:
SF:src\modules\categories\categories.repository.ts
FN:13,(anonymous_2)
FN:15,(anonymous_3)
FN:21,(anonymous_4)
FN:28,(anonymous_5)
FN:35,(anonymous_6)
FN:42,(anonymous_7)
FN:49,(anonymous_8)
FN:56,(anonymous_9)
FN:68,(anonymous_10)
FN:79,(anonymous_11)
FN:86,(anonymous_12)
FN:93,(anonymous_13)
FN:100,(anonymous_14)
FNF:13
FNH:0
FNDA:0,(anonymous_2)
FNDA:0,(anonymous_3)
FNDA:0,(anonymous_4)
FNDA:0,(anonymous_5)
FNDA:0,(anonymous_6)
FNDA:0,(anonymous_7)
FNDA:0,(anonymous_8)
FNDA:0,(anonymous_9)
FNDA:0,(anonymous_10)
FNDA:0,(anonymous_11)
FNDA:0,(anonymous_12)
FNDA:0,(anonymous_13)
FNDA:0,(anonymous_14)
DA:1,0
DA:3,0
DA:12,0
DA:13,0
DA:16,0
DA:22,0
DA:29,0
DA:36,0
DA:43,0
DA:50,0
DA:57,0
DA:69,0
DA:70,0
DA:72,0
DA:80,0
DA:87,0
DA:94,0
DA:101,0
LF:18
LH:0
BRDA:70,0,0,0
BRF:1
BRH:0
end_of_record
TN:
SF:src\modules\categories\categories.service.ts
FN:13,(anonymous_2)
FN:18,(anonymous_3)
FN:22,(anonymous_4)
FN:26,(anonymous_5)
FN:32,(anonymous_6)
FN:37,(anonymous_7)
FN:42,(anonymous_8)
FN:48,(anonymous_9)
FN:53,(anonymous_10)
FN:57,(anonymous_11)
FN:63,(anonymous_12)
FN:68,(anonymous_13)
FN:73,(anonymous_14)
FNF:13
FNH:0
FNDA:0,(anonymous_2)
FNDA:0,(anonymous_3)
FNDA:0,(anonymous_4)
FNDA:0,(anonymous_5)
FNDA:0,(anonymous_6)
FNDA:0,(anonymous_7)
FNDA:0,(anonymous_8)
FNDA:0,(anonymous_9)
FNDA:0,(anonymous_10)
FNDA:0,(anonymous_11)
FNDA:0,(anonymous_12)
FNDA:0,(anonymous_13)
FNDA:0,(anonymous_14)
DA:1,0
DA:2,0
DA:9,0
DA:12,0
DA:14,0
DA:15,0
DA:19,0
DA:23,0
DA:27,0
DA:28,0
DA:29,0
DA:33,0
DA:34,0
DA:38,0
DA:39,0
DA:43,0
DA:44,0
DA:45,0
DA:49,0
DA:50,0
DA:54,0
DA:58,0
DA:59,0
DA:60,0
DA:64,0
DA:65,0
DA:69,0
DA:70,0
DA:74,0
DA:77,0
DA:78,0
LF:31
LH:0
BRDA:28,0,0,0
BRDA:44,1,0,0
BRDA:59,2,0,0
BRDA:77,3,0,0
BRF:4
BRH:0
end_of_record
TN:
SF:src\modules\customers\customers.controller.ts
FN:22,(anonymous_4)
FN:27,(anonymous_5)
FN:33,(anonymous_6)
FN:40,(anonymous_7)
FN:46,(anonymous_8)
FN:53,(anonymous_9)
FN:60,(anonymous_10)
FN:66,(anonymous_11)
FN:72,(anonymous_12)
FN:78,(anonymous_13)
FN:85,(anonymous_14)
FN:92,(anonymous_15)
FN:99,(anonymous_16)
FN:105,(anonymous_17)
FN:112,(anonymous_18)
FN:118,(anonymous_19)
FN:124,(anonymous_20)
FNF:17
FNH:0
FNDA:0,(anonymous_4)
FNDA:0,(anonymous_5)
FNDA:0,(anonymous_6)
FNDA:0,(anonymous_7)
FNDA:0,(anonymous_8)
FNDA:0,(anonymous_9)
FNDA:0,(anonymous_10)
FNDA:0,(anonymous_11)
FNDA:0,(anonymous_12)
FNDA:0,(anonymous_13)
FNDA:0,(anonymous_14)
FNDA:0,(anonymous_15)
FNDA:0,(anonymous_16)
FNDA:0,(anonymous_17)
FNDA:0,(anonymous_18)
FNDA:0,(anonymous_19)
FNDA:0,(anonymous_20)
DA:1,0
DA:2,0
DA:3,0
DA:4,0
DA:5,0
DA:6,0
DA:7,0
DA:8,0
DA:17,0
DA:21,0
DA:22,0
DA:27,0
DA:28,0
DA:33,0
DA:34,0
DA:40,0
DA:41,0
DA:46,0
DA:47,0
DA:53,0
DA:54,0
DA:60,0
DA:61,0
DA:66,0
DA:67,0
DA:72,0
DA:73,0
DA:78,0
DA:79,0
DA:85,0
DA:86,0
DA:92,0
DA:93,0
DA:99,0
DA:100,0
DA:105,0
DA:106,0
DA:112,0
DA:113,0
DA:118,0
DA:119,0
DA:124,0
DA:125,0
LF:43
LH:0
BRF:0
BRH:0
end_of_record
TN:
SF:src\modules\customers\customers.module.ts
FNF:0
FNH:0
DA:1,0
DA:2,0
DA:3,0
DA:4,0
DA:11,0
LF:5
LH:0
BRF:0
BRH:0
end_of_record
TN:
SF:src\modules\customers\customers.repository.ts
FN:7,(anonymous_2)
FN:9,(anonymous_3)
FN:19,(anonymous_4)
FN:25,(anonymous_5)
FN:31,(anonymous_6)
FN:38,(anonymous_7)
FN:45,(anonymous_8)
FN:52,(anonymous_9)
FN:71,(anonymous_10)
FN:129,(anonymous_11)
FN:141,(anonymous_12)
FN:154,(anonymous_13)
FN:161,(anonymous_14)
FN:173,(anonymous_15)
FNF:14
FNH:0
FNDA:0,(anonymous_2)
FNDA:0,(anonymous_3)
FNDA:0,(anonymous_4)
FNDA:0,(anonymous_5)
FNDA:0,(anonymous_6)
FNDA:0,(anonymous_7)
FNDA:0,(anonymous_8)
FNDA:0,(anonymous_9)
FNDA:0,(anonymous_10)
FNDA:0,(anonymous_11)
FNDA:0,(anonymous_12)
FNDA:0,(anonymous_13)
FNDA:0,(anonymous_14)
FNDA:0,(anonymous_15)
DA:1,1
DA:3,1
DA:6,1
DA:7,0
DA:10,0
DA:20,0
DA:26,0
DA:32,0
DA:39,0
DA:46,0
DA:59,0
DA:107,0
DA:127,0
DA:128,0
DA:129,0
DA:139,0
DA:140,0
DA:141,0
DA:151,0
DA:155,0
DA:162,0
DA:174,0
LF:22
LH:3
BRDA:121,0,0,0
BRDA:121,0,1,0
BRDA:127,1,0,0
BRDA:139,2,0,0
BRF:4
BRH:0
end_of_record
TN:
SF:src\modules\customers\customers.service.ts
FN:17,(anonymous_2)
FN:22,(anonymous_3)
FN:26,(anonymous_4)
FN:30,(anonymous_5)
FN:34,(anonymous_6)
FN:38,(anonymous_7)
FN:39,(anonymous_8)
FN:91,(anonymous_9)
FN:97,(anonymous_10)
FN:128,(anonymous_11)
FN:131,(anonymous_12)
FN:159,(anonymous_13)
FN:177,(anonymous_14)
FN:237,(anonymous_15)
FN:240,(anonymous_16)
FN:273,(anonymous_17)
FN:285,(anonymous_18)
FN:290,(anonymous_19)
FN:300,(anonymous_20)
FN:323,(anonymous_21)
FN:328,(anonymous_22)
FN:334,(anonymous_23)
FN:343,(anonymous_24)
FNF:23
FNH:3
FNDA:2,(anonymous_2)
FNDA:0,(anonymous_3)
FNDA:0,(anonymous_4)
FNDA:0,(anonymous_5)
FNDA:0,(anonymous_6)
FNDA:0,(anonymous_7)
FNDA:0,(anonymous_8)
FNDA:1,(anonymous_9)
FNDA:1,(anonymous_10)
FNDA:0,(anonymous_11)
FNDA:0,(anonymous_12)
FNDA:0,(anonymous_13)
FNDA:0,(anonymous_14)
FNDA:0,(anonymous_15)
FNDA:0,(anonymous_16)
FNDA:0,(anonymous_17)
FNDA:0,(anonymous_18)
FNDA:0,(anonymous_19)
FNDA:0,(anonymous_20)
FNDA:0,(anonymous_21)
FNDA:0,(anonymous_22)
FNDA:0,(anonymous_23)
FNDA:0,(anonymous_24)
DA:1,1
DA:2,1
DA:3,1
DA:13,1
DA:16,1
DA:18,2
DA:19,2
DA:23,0
DA:27,0
DA:31,0
DA:35,0
DA:39,0
DA:40,0
DA:59,0
DA:71,0
DA:85,0
DA:88,0
DA:92,1
DA:93,1
DA:94,0
DA:98,1
DA:99,1
DA:100,1
DA:102,1
DA:103,1
DA:104,1
DA:105,1
DA:106,1
DA:107,1
DA:108,0
DA:116,1
DA:121,1
DA:122,1
DA:124,1
DA:125,1
DA:129,0
DA:131,0
DA:132,0
DA:152,0
DA:153,0
DA:157,0
DA:158,0
DA:159,0
DA:170,0
DA:171,0
DA:175,0
DA:176,0
DA:177,0
DA:188,0
DA:189,0
DA:190,0
DA:207,0
DA:219,0
DA:234,0
DA:238,0
DA:240,0
DA:241,0
DA:245,0
DA:256,0
DA:270,0
DA:274,0
DA:275,0
DA:277,0
DA:282,0
DA:286,0
DA:287,0
DA:291,0
DA:294,0
DA:300,0
DA:301,0
DA:317,0
DA:320,0
DA:324,0
DA:325,0
DA:329,0
DA:330,0
DA:331,0
DA:335,0
DA:336,0
DA:337,0
DA:338,0
DA:340,0
DA:344,0
DA:345,0
LF:84
LH:23
BRDA:43,0,0,0
BRDA:43,0,1,0
BRDA:52,1,0,0
BRDA:52,1,1,0
BRDA:55,2,0,0
BRDA:55,2,1,0
BRDA:56,3,0,0
BRDA:56,3,1,0
BRDA:62,4,0,0
BRDA:62,4,1,0
BRDA:74,5,0,0
BRDA:74,5,1,0
BRDA:93,6,0,1
BRDA:98,7,0,1
BRDA:98,7,1,0
BRDA:99,8,0,1
BRDA:99,8,1,0
BRDA:103,9,0,0
BRDA:104,10,0,0
BRDA:105,11,0,0
BRDA:106,12,0,0
BRDA:107,13,0,0
BRDA:117,14,0,0
BRDA:117,14,1,1
BRDA:118,15,0,0
BRDA:118,15,1,1
BRDA:119,16,0,0
BRDA:119,16,1,1
BRDA:121,17,0,0
BRDA:121,17,1,1
BRDA:121,18,0,1
BRDA:121,18,1,0
BRDA:138,19,0,0
BRDA:138,19,1,0
BRDA:138,20,0,0
BRDA:138,20,1,0
BRDA:139,21,0,0
BRDA:139,21,1,0
BRDA:139,22,0,0
BRDA:139,22,1,0
BRDA:140,23,0,0
BRDA:140,23,1,0
BRDA:140,24,0,0
BRDA:140,24,1,0
BRDA:146,25,0,0
BRDA:146,25,1,0
BRDA:152,26,0,0
BRDA:157,27,0,0
BRDA:170,28,0,0
BRDA:175,29,0,0
BRDA:188,30,0,0
BRDA:188,31,0,0
BRDA:188,31,1,0
BRDA:189,32,0,0
BRDA:189,32,1,0
BRDA:275,33,0,0
BRDA:294,34,0,0
BRDA:294,34,1,0
BRDA:296,35,0,0
BRDA:296,35,1,0
BRF:60
BRH:8
end_of_record
TN:
SF:src\modules\documents\documents.controller.ts
FN:43,(anonymous_4)
FN:66,(anonymous_5)
FN:88,(anonymous_6)
FN:109,(anonymous_7)
FN:117,(anonymous_8)
FN:133,(anonymous_9)
FN:149,(anonymous_10)
FN:165,(anonymous_11)
FN:179,(anonymous_12)
FN:185,(anonymous_13)
FN:191,(anonymous_14)
FN:197,(anonymous_15)
FN:206,(anonymous_16)
FN:213,(anonymous_17)
FN:219,(anonymous_18)
FN:225,(anonymous_19)
FN:236,(anonymous_20)
FN:242,(anonymous_21)
FN:248,(anonymous_22)
FN:254,(anonymous_23)
FN:260,(anonymous_24)
FN:266,(anonymous_25)
FN:273,(anonymous_26)
FN:280,(anonymous_27)
FN:287,(anonymous_28)
FN:294,(anonymous_29)
FNF:26
FNH:0
FNDA:0,(anonymous_4)
FNDA:0,(anonymous_5)
FNDA:0,(anonymous_6)
FNDA:0,(anonymous_7)
FNDA:0,(anonymous_8)
FNDA:0,(anonymous_9)
FNDA:0,(anonymous_10)
FNDA:0,(anonymous_11)
FNDA:0,(anonymous_12)
FNDA:0,(anonymous_13)
FNDA:0,(anonymous_14)
FNDA:0,(anonymous_15)
FNDA:0,(anonymous_16)
FNDA:0,(anonymous_17)
FNDA:0,(anonymous_18)
FNDA:0,(anonymous_19)
FNDA:0,(anonymous_20)
FNDA:0,(anonymous_21)
FNDA:0,(anonymous_22)
FNDA:0,(anonymous_23)
FNDA:0,(anonymous_24)
FNDA:0,(anonymous_25)
FNDA:0,(anonymous_26)
FNDA:0,(anonymous_27)
FNDA:0,(anonymous_28)
FNDA:0,(anonymous_29)
DA:1,0
DA:16,0
DA:17,0
DA:18,0
DA:20,0
DA:21,0
DA:22,0
DA:23,0
DA:24,0
DA:25,0
DA:26,0
DA:36,0
DA:42,0
DA:43,0
DA:66,0
DA:71,0
DA:80,0
DA:88,0
DA:93,0
DA:102,0
DA:109,0
DA:110,0
DA:117,0
DA:122,0
DA:133,0
DA:138,0
DA:149,0
DA:154,0
DA:165,0
DA:170,0
DA:179,0
DA:180,0
DA:185,0
DA:186,0
DA:191,0
DA:192,0
DA:197,0
DA:198,0
DA:199,0
DA:200,0
DA:201,0
DA:206,0
DA:207,0
DA:213,0
DA:214,0
DA:219,0
DA:220,0
DA:225,0
DA:231,0
DA:236,0
DA:237,0
DA:242,0
DA:243,0
DA:248,0
DA:249,0
DA:254,0
DA:255,0
DA:260,0
DA:261,0
DA:266,0
DA:267,0
DA:273,0
DA:274,0
DA:280,0
DA:281,0
DA:287,0
DA:288,0
DA:294,0
DA:295,0
LF:69
LH:0
BRDA:77,0,0,0
BRDA:77,0,1,0
BRDA:78,1,0,0
BRDA:78,1,1,0
BRDA:99,2,0,0
BRDA:99,2,1,0
BRDA:100,3,0,0
BRDA:100,3,1,0
BRF:8
BRH:0
end_of_record
TN:
SF:src\modules\documents\documents.module.ts
FNF:0
FNH:0
DA:1,0
DA:2,0
DA:3,0
DA:4,0
DA:5,0
DA:6,0
DA:13,0
LF:7
LH:0
BRF:0
BRH:0
end_of_record
TN:
SF:src\modules\documents\documents.public.controller.ts
FN:9,(anonymous_4)
FN:12,(anonymous_5)
FNF:2
FNH:0
FNDA:0,(anonymous_4)
FNDA:0,(anonymous_5)
DA:1,0
DA:2,0
DA:4,0
DA:8,0
DA:9,0
DA:12,0
DA:13,0
DA:14,0
DA:15,0
DA:16,0
LF:10
LH:0
BRF:0
BRH:0
end_of_record
TN:
SF:src\modules\documents\documents.repository.ts
FN:8,(anonymous_2)
FN:10,(anonymous_3)
FN:17,(anonymous_4)
FN:21,(anonymous_5)
FN:25,(anonymous_6)
FN:29,(anonymous_7)
FN:33,(anonymous_8)
FN:42,(anonymous_9)
FN:49,(anonymous_10)
FN:53,(anonymous_11)
FN:68,(anonymous_12)
FN:72,(anonymous_13)
FN:85,(anonymous_14)
FN:89,(anonymous_15)
FN:102,(anonymous_16)
FN:106,(anonymous_17)
FN:110,(anonymous_18)
FN:117,(anonymous_19)
FN:124,(anonymous_20)
FN:138,(anonymous_21)
FN:150,(anonymous_22)
FN:151,(anonymous_23)
FN:161,(anonymous_24)
FN:165,(anonymous_25)
FN:173,(anonymous_26)
FN:180,(anonymous_27)
FN:206,(anonymous_28)
FNF:27
FNH:0
FNDA:0,(anonymous_2)
FNDA:0,(anonymous_3)
FNDA:0,(anonymous_4)
FNDA:0,(anonymous_5)
FNDA:0,(anonymous_6)
FNDA:0,(anonymous_7)
FNDA:0,(anonymous_8)
FNDA:0,(anonymous_9)
FNDA:0,(anonymous_10)
FNDA:0,(anonymous_11)
FNDA:0,(anonymous_12)
FNDA:0,(anonymous_13)
FNDA:0,(anonymous_14)
FNDA:0,(anonymous_15)
FNDA:0,(anonymous_16)
FNDA:0,(anonymous_17)
FNDA:0,(anonymous_18)
FNDA:0,(anonymous_19)
FNDA:0,(anonymous_20)
FNDA:0,(anonymous_21)
FNDA:0,(anonymous_22)
FNDA:0,(anonymous_23)
FNDA:0,(anonymous_24)
FNDA:0,(anonymous_25)
FNDA:0,(anonymous_26)
FNDA:0,(anonymous_27)
FNDA:0,(anonymous_28)
DA:1,2
DA:2,2
DA:3,2
DA:7,2
DA:8,0
DA:11,0
DA:12,0
DA:13,0
DA:14,0
DA:18,0
DA:22,0
DA:26,0
DA:30,0
DA:34,0
DA:43,0
DA:50,0
DA:54,0
DA:69,0
DA:73,0
DA:86,0
DA:90,0
DA:103,0
DA:107,0
DA:111,0
DA:118,0
DA:125,0
DA:139,0
DA:151,0
DA:152,0
DA:153,0
DA:154,0
DA:155,0
DA:156,0
DA:157,0
DA:162,0
DA:166,0
DA:180,0
DA:181,0
DA:182,0
DA:188,0
DA:189,0
DA:195,0
DA:196,0
DA:202,0
DA:207,0
LF:45
LH:4
BRDA:11,0,0,0
BRDA:11,0,1,0
BRDA:12,1,0,0
BRDA:12,1,1,0
BRDA:210,2,0,0
BRDA:210,2,1,0
BRDA:211,3,0,0
BRDA:211,3,1,0
BRDA:212,4,0,0
BRDA:212,4,1,0
BRDA:213,5,0,0
BRDA:213,5,1,0
BRDA:214,6,0,0
BRDA:214,6,1,0
BRDA:214,7,0,0
BRDA:214,7,1,0
BRDA:217,8,0,0
BRDA:217,8,1,0
BRDA:218,9,0,0
BRDA:218,9,1,0
BRDA:222,10,0,0
BRDA:222,10,1,0
BRF:22
BRH:0
end_of_record
TN:
SF:src\modules\documents\documents.service.ts
FN:41,(anonymous_3)
FN:46,(anonymous_4)
FN:47,(anonymous_5)
FN:52,(anonymous_6)
FN:59,(anonymous_7)
FN:71,(anonymous_8)
FN:73,(anonymous_9)
FN:76,(anonymous_10)
FN:86,(anonymous_11)
FN:92,(anonymous_12)
FN:108,(anonymous_13)
FN:126,(anonymous_14)
FN:129,(anonymous_15)
FN:132,(anonymous_16)
FN:144,(anonymous_17)
FN:159,(anonymous_18)
FN:187,(anonymous_19)
FN:218,(anonymous_20)
FN:223,(anonymous_21)
FN:341,(anonymous_22)
FN:350,(anonymous_23)
FN:358,(anonymous_24)
FN:365,(anonymous_25)
FN:373,(anonymous_26)
FN:406,(anonymous_27)
FN:423,(anonymous_28)
FN:433,(anonymous_29)
FN:458,(anonymous_30)
FN:485,(anonymous_31)
FN:498,(anonymous_32)
FN:532,(anonymous_33)
FN:536,(anonymous_34)
FN:554,(anonymous_35)
FN:555,(anonymous_36)
FN:572,(anonymous_37)
FN:596,(anonymous_38)
FN:617,(anonymous_39)
FN:636,(anonymous_40)
FN:651,(anonymous_41)
FN:688,(anonymous_42)
FN:699,(anonymous_43)
FN:717,(anonymous_44)
FNF:42
FNH:3
FNDA:1,(anonymous_3)
FNDA:0,(anonymous_4)
FNDA:0,(anonymous_5)
FNDA:0,(anonymous_6)
FNDA:0,(anonymous_7)
FNDA:0,(anonymous_8)
FNDA:0,(anonymous_9)
FNDA:0,(anonymous_10)
FNDA:0,(anonymous_11)
FNDA:0,(anonymous_12)
FNDA:0,(anonymous_13)
FNDA:0,(anonymous_14)
FNDA:0,(anonymous_15)
FNDA:0,(anonymous_16)
FNDA:0,(anonymous_17)
FNDA:0,(anonymous_18)
FNDA:0,(anonymous_19)
FNDA:2,(anonymous_20)
FNDA:2,(anonymous_21)
FNDA:0,(anonymous_22)
FNDA:0,(anonymous_23)
FNDA:0,(anonymous_24)
FNDA:0,(anonymous_25)
FNDA:0,(anonymous_26)
FNDA:0,(anonymous_27)
FNDA:0,(anonymous_28)
FNDA:0,(anonymous_29)
FNDA:0,(anonymous_30)
FNDA:0,(anonymous_31)
FNDA:0,(anonymous_32)
FNDA:0,(anonymous_33)
FNDA:0,(anonymous_34)
FNDA:0,(anonymous_35)
FNDA:0,(anonymous_36)
FNDA:0,(anonymous_37)
FNDA:0,(anonymous_38)
FNDA:0,(anonymous_39)
FNDA:0,(anonymous_40)
FNDA:0,(anonymous_41)
FNDA:0,(anonymous_42)
FNDA:0,(anonymous_43)
FNDA:0,(anonymous_44)
DA:1,2
DA:9,2
DA:16,2
DA:17,2
DA:18,2
DA:19,2
DA:20,2
DA:31,2
DA:32,2
DA:35,2
DA:38,2
DA:39,1
DA:42,1
DA:43,1
DA:47,0
DA:48,0
DA:53,0
DA:54,0
DA:55,0
DA:60,0
DA:72,0
DA:73,0
DA:77,0
DA:78,0
DA:79,0
DA:80,0
DA:81,0
DA:82,0
DA:83,0
DA:87,0
DA:88,0
DA:89,0
DA:93,0
DA:94,0
DA:104,0
DA:105,0
DA:113,0
DA:114,0
DA:115,0
DA:117,0
DA:118,0
DA:124,0
DA:127,0
DA:130,0
DA:133,0
DA:137,0
DA:153,0
DA:154,0
DA:155,0
DA:156,0
DA:164,0
DA:165,0
DA:166,0
DA:167,0
DA:169,0
DA:171,0
DA:184,0
DA:188,0
DA:189,0
DA:198,0
DA:199,0
DA:200,0
DA:202,0
DA:203,0
DA:205,0
DA:206,0
DA:207,0
DA:209,0
DA:219,2
DA:220,1
DA:224,2
DA:226,0
DA:227,0
DA:228,0
DA:230,0
DA:231,0
DA:234,0
DA:235,0
DA:238,0
DA:239,0
DA:241,0
DA:258,0
DA:259,0
DA:261,0
DA:262,0
DA:272,0
DA:280,0
DA:281,0
DA:282,0
DA:290,0
DA:292,0
DA:312,0
DA:319,0
DA:335,0
DA:342,0
DA:343,0
DA:344,0
DA:345,0
DA:347,0
DA:351,0
DA:352,0
DA:353,0
DA:355,0
DA:359,0
DA:360,0
DA:361,0
DA:362,0
DA:366,0
DA:367,0
DA:374,0
DA:375,0
DA:376,0
DA:377,0
DA:379,0
DA:389,0
DA:399,0
DA:407,0
DA:408,0
DA:410,0
DA:411,0
DA:416,0
DA:424,0
DA:425,0
DA:426,0
DA:434,0
DA:435,0
DA:436,0
DA:437,0
DA:438,0
DA:439,0
DA:442,0
DA:447,0
DA:448,0
DA:450,0
DA:451,0
DA:459,0
DA:460,0
DA:472,0
DA:482,0
DA:486,0
DA:487,0
DA:494,0
DA:495,0
DA:509,0
DA:522,0
DA:533,0
DA:534,0
DA:536,0
DA:538,0
DA:539,0
DA:540,0
DA:541,0
DA:543,0
DA:544,0
DA:545,0
DA:547,0
DA:548,0
DA:549,0
DA:552,0
DA:554,0
DA:555,0
DA:558,0
DA:559,0
DA:573,0
DA:582,0
DA:583,0
DA:597,0
DA:603,0
DA:604,0
DA:618,0
DA:619,0
DA:632,0
DA:633,0
DA:637,0
DA:638,0
DA:639,0
DA:648,0
DA:652,0
DA:653,0
DA:654,0
DA:656,0
DA:657,0
DA:658,0
DA:659,0
DA:660,0
DA:661,0
DA:662,0
DA:665,0
DA:666,0
DA:669,0
DA:676,0
DA:685,0
DA:689,0
DA:690,0
DA:700,0
DA:701,0
DA:702,0
DA:703,0
DA:705,0
DA:714,0
DA:718,0
DA:719,0
DA:720,0
DA:721,0
LF:204
LH:17
BRDA:53,0,0,0
BRDA:72,1,0,0
BRDA:77,2,0,0
BRDA:77,2,1,0
BRDA:78,3,0,0
BRDA:78,3,1,0
BRDA:79,4,0,0
BRDA:80,5,0,0
BRDA:81,6,0,0
BRDA:82,7,0,0
BRDA:87,8,0,0
BRDA:87,8,1,0
BRDA:88,9,0,0
BRDA:88,9,1,0
BRDA:93,10,0,0
BRDA:93,10,1,0
BRDA:105,11,0,0
BRDA:105,11,1,0
BRDA:115,12,0,0
BRDA:115,12,1,0
BRDA:117,13,0,0
BRDA:140,14,0,0
BRDA:140,14,1,0
BRDA:154,15,0,0
BRDA:154,15,1,0
BRDA:155,16,0,0
BRDA:155,16,1,0
BRDA:165,17,0,0
BRDA:165,17,1,0
BRDA:167,18,0,0
BRDA:167,18,1,0
BRDA:169,19,0,0
BRDA:188,20,0,0
BRDA:203,21,0,0
BRDA:203,21,1,0
BRDA:210,22,0,0
BRDA:210,22,1,0
BRDA:219,23,0,1
BRDA:220,24,0,1
BRDA:220,25,0,1
BRDA:220,25,1,0
BRDA:230,26,0,0
BRDA:234,27,0,0
BRDA:247,28,0,0
BRDA:247,28,1,0
BRDA:251,29,0,0
BRDA:251,29,1,0
BRDA:259,30,0,0
BRDA:259,30,1,0
BRDA:280,31,0,0
BRDA:342,32,0,0
BRDA:352,33,0,0
BRDA:352,34,0,0
BRDA:352,34,1,0
BRDA:352,34,2,0
BRDA:377,35,0,0
BRDA:377,35,1,0
BRDA:384,36,0,0
BRDA:384,36,1,0
BRDA:407,37,0,0
BRDA:407,37,1,0
BRDA:408,38,0,0
BRDA:436,39,0,0
BRDA:436,40,0,0
BRDA:436,40,1,0
BRDA:437,41,0,0
BRDA:438,42,0,0
BRDA:448,43,0,0
BRDA:448,44,0,0
BRDA:448,44,1,0
BRDA:467,45,0,0
BRDA:467,45,1,0
BRDA:490,46,0,0
BRDA:490,46,1,0
BRDA:491,47,0,0
BRDA:491,47,1,0
BRDA:492,48,0,0
BRDA:492,48,1,0
BRDA:538,49,0,0
BRDA:538,49,1,0
BRDA:540,50,0,0
BRDA:548,51,0,0
BRDA:548,51,1,0
BRDA:577,52,0,0
BRDA:577,52,1,0
BRDA:598,53,0,0
BRDA:598,53,1,0
BRDA:622,54,0,0
BRDA:622,54,1,0
BRDA:622,55,0,0
BRDA:622,55,1,0
BRDA:625,56,0,0
BRDA:625,56,1,0
BRDA:626,57,0,0
BRDA:626,57,1,0
BRDA:630,58,0,0
BRDA:630,58,1,0
BRDA:652,59,0,0
BRDA:652,59,1,0
BRDA:661,60,0,0
BRDA:700,61,0,0
BRDA:700,61,1,0
BRDA:701,62,0,0
BRDA:701,62,1,0
BRDA:702,63,0,0
BRDA:702,63,1,0
BRF:106
BRH:3
end_of_record
TN:
SF:src\modules\documents\storage\local-storage.provider.ts
FN:15,(anonymous_1)
FN:20,(anonymous_2)
FN:24,(anonymous_3)
FN:34,(anonymous_4)
FN:40,(anonymous_5)
FNF:5
FNH:0
FNDA:0,(anonymous_1)
FNDA:0,(anonymous_2)
FNDA:0,(anonymous_3)
FNDA:0,(anonymous_4)
FNDA:0,(anonymous_5)
DA:1,2
DA:2,2
DA:3,2
DA:4,2
DA:15,2
DA:16,0
DA:18,0
DA:21,0
DA:25,0
DA:26,0
DA:27,0
DA:28,0
DA:35,0
DA:36,0
DA:37,0
DA:41,0
DA:42,0
DA:43,0
LF:18
LH:5
BRF:0
BRH:0
end_of_record
TN:
SF:src\modules\employees\employees.controller.ts
FN:16,(anonymous_4)
FN:21,(anonymous_5)
FN:28,(anonymous_6)
FN:35,(anonymous_7)
FN:42,(anonymous_8)
FN:49,(anonymous_9)
FNF:6
FNH:0
FNDA:0,(anonymous_4)
FNDA:0,(anonymous_5)
FNDA:0,(anonymous_6)
FNDA:0,(anonymous_7)
FNDA:0,(anonymous_8)
FNDA:0,(anonymous_9)
DA:1,0
DA:2,0
DA:3,0
DA:4,0
DA:5,0
DA:6,0
DA:7,0
DA:8,0
DA:9,0
DA:10,0
DA:11,0
DA:15,0
DA:16,0
DA:21,0
DA:22,0
DA:28,0
DA:29,0
DA:35,0
DA:36,0
DA:42,0
DA:43,0
DA:49,0
DA:54,0
LF:23
LH:0
BRF:0
BRH:0
end_of_record
TN:
SF:src\modules\employees\employees.module.ts
FNF:0
FNH:0
DA:1,0
DA:2,0
DA:3,0
DA:4,0
DA:5,0
DA:13,0
LF:6
LH:0
BRF:0
BRH:0
end_of_record
TN:
SF:src\modules\employees\employees.repository.ts
FN:8,(anonymous_2)
FN:10,(anonymous_3)
FN:22,(anonymous_4)
FN:29,(anonymous_5)
FN:36,(anonymous_6)
FN:47,(anonymous_7)
FNF:6
FNH:0
FNDA:0,(anonymous_2)
FNDA:0,(anonymous_3)
FNDA:0,(anonymous_4)
FNDA:0,(anonymous_5)
FNDA:0,(anonymous_6)
FNDA:0,(anonymous_7)
DA:1,0
DA:2,0
DA:7,0
DA:8,0
DA:11,0
DA:23,0
DA:30,0
DA:37,0
DA:48,0
LF:9
LH:0
BRF:0
BRH:0
end_of_record
TN:
SF:src\modules\employees\employees.service.ts
FN:8,(anonymous_2)
FN:10,(anonymous_3)
FN:14,(anonymous_4)
FN:18,(anonymous_5)
FN:24,(anonymous_6)
FN:29,(anonymous_7)
FNF:6
FNH:0
FNDA:0,(anonymous_2)
FNDA:0,(anonymous_3)
FNDA:0,(anonymous_4)
FNDA:0,(anonymous_5)
FNDA:0,(anonymous_6)
FNDA:0,(anonymous_7)
DA:1,0
DA:2,0
DA:7,0
DA:8,0
DA:11,0
DA:15,0
DA:19,0
DA:20,0
DA:21,0
DA:25,0
DA:26,0
DA:30,0
DA:31,0
LF:13
LH:0
BRDA:20,0,0,0
BRF:1
BRH:0
end_of_record
TN:
SF:src\modules\health\health.controller.ts
FN:7,(anonymous_2)
FN:15,(anonymous_3)
FNF:2
FNH:0
FNDA:0,(anonymous_2)
FNDA:0,(anonymous_3)
DA:1,0
DA:2,0
DA:3,0
DA:6,0
DA:7,0
DA:15,0
DA:16,0
LF:7
LH:0
BRF:0
BRH:0
end_of_record
TN:
SF:src\modules\health\health.module.ts
FNF:0
FNH:0
DA:1,0
DA:2,0
DA:3,0
DA:6,0
LF:4
LH:0
BRF:0
BRH:0
end_of_record
TN:
SF:src\modules\health\health.service.ts
FN:6,(anonymous_2)
FN:8,(anonymous_3)
FNF:2
FNH:2
FNDA:2,(anonymous_2)
FNDA:2,(anonymous_3)
DA:1,1
DA:2,1
DA:5,1
DA:6,2
DA:9,2
DA:11,2
DA:12,2
DA:13,1
DA:15,1
DA:18,2
LF:10
LH:10
BRDA:19,0,0,1
BRDA:19,0,1,1
BRDA:22,1,0,2
BRDA:22,1,1,0
BRF:4
BRH:3
end_of_record
TN:
SF:src\modules\hrms\hrms.controller.ts
FN:59,(anonymous_4)
FN:61,(anonymous_5)
FN:65,(anonymous_6)
FN:69,(anonymous_7)
FN:75,(anonymous_8)
FN:81,(anonymous_9)
FN:87,(anonymous_10)
FN:93,(anonymous_11)
FN:99,(anonymous_12)
FN:105,(anonymous_13)
FN:111,(anonymous_14)
FN:117,(anonymous_15)
FN:123,(anonymous_16)
FN:129,(anonymous_17)
FN:135,(anonymous_18)
FN:141,(anonymous_19)
FN:147,(anonymous_20)
FN:153,(anonymous_21)
FN:159,(anonymous_22)
FN:165,(anonymous_23)
FN:171,(anonymous_24)
FN:177,(anonymous_25)
FN:188,(anonymous_26)
FN:194,(anonymous_27)
FN:200,(anonymous_28)
FN:206,(anonymous_29)
FN:212,(anonymous_30)
FN:218,(anonymous_31)
FN:230,(anonymous_32)
FN:236,(anonymous_33)
FN:242,(anonymous_34)
FN:248,(anonymous_35)
FN:254,(anonymous_36)
FN:260,(anonymous_37)
FN:266,(anonymous_38)
FN:272,(anonymous_39)
FN:278,(anonymous_40)
FN:284,(anonymous_41)
FN:290,(anonymous_42)
FN:296,(anonymous_43)
FN:302,(anonymous_44)
FN:308,(anonymous_45)
FN:314,(anonymous_46)
FN:320,(anonymous_47)
FN:326,(anonymous_48)
FN:332,(anonymous_49)
FN:338,(anonymous_50)
FN:344,(anonymous_51)
FN:350,(anonymous_52)
FN:356,(anonymous_53)
FN:362,(anonymous_54)
FN:373,(anonymous_55)
FN:379,(anonymous_56)
FN:386,(anonymous_57)
FN:393,(anonymous_58)
FN:405,(anonymous_59)
FN:411,(anonymous_60)
FN:417,(anonymous_61)
FN:423,(anonymous_62)
FN:429,(anonymous_63)
FN:435,(anonymous_64)
FN:441,(anonymous_65)
FN:447,(anonymous_66)
FNF:63
FNH:0
FNDA:0,(anonymous_4)
FNDA:0,(anonymous_5)
FNDA:0,(anonymous_6)
FNDA:0,(anonymous_7)
FNDA:0,(anonymous_8)
FNDA:0,(anonymous_9)
FNDA:0,(anonymous_10)
FNDA:0,(anonymous_11)
FNDA:0,(anonymous_12)
FNDA:0,(anonymous_13)
FNDA:0,(anonymous_14)
FNDA:0,(anonymous_15)
FNDA:0,(anonymous_16)
FNDA:0,(anonymous_17)
FNDA:0,(anonymous_18)
FNDA:0,(anonymous_19)
FNDA:0,(anonymous_20)
FNDA:0,(anonymous_21)
FNDA:0,(anonymous_22)
FNDA:0,(anonymous_23)
FNDA:0,(anonymous_24)
FNDA:0,(anonymous_25)
FNDA:0,(anonymous_26)
FNDA:0,(anonymous_27)
FNDA:0,(anonymous_28)
FNDA:0,(anonymous_29)
FNDA:0,(anonymous_30)
FNDA:0,(anonymous_31)
FNDA:0,(anonymous_32)
FNDA:0,(anonymous_33)
FNDA:0,(anonymous_34)
FNDA:0,(anonymous_35)
FNDA:0,(anonymous_36)
FNDA:0,(anonymous_37)
FNDA:0,(anonymous_38)
FNDA:0,(anonymous_39)
FNDA:0,(anonymous_40)
FNDA:0,(anonymous_41)
FNDA:0,(anonymous_42)
FNDA:0,(anonymous_43)
FNDA:0,(anonymous_44)
FNDA:0,(anonymous_45)
FNDA:0,(anonymous_46)
FNDA:0,(anonymous_47)
FNDA:0,(anonymous_48)
FNDA:0,(anonymous_49)
FNDA:0,(anonymous_50)
FNDA:0,(anonymous_51)
FNDA:0,(anonymous_52)
FNDA:0,(anonymous_53)
FNDA:0,(anonymous_54)
FNDA:0,(anonymous_55)
FNDA:0,(anonymous_56)
FNDA:0,(anonymous_57)
FNDA:0,(anonymous_58)
FNDA:0,(anonymous_59)
FNDA:0,(anonymous_60)
FNDA:0,(anonymous_61)
FNDA:0,(anonymous_62)
FNDA:0,(anonymous_63)
FNDA:0,(anonymous_64)
FNDA:0,(anonymous_65)
FNDA:0,(anonymous_66)
DA:1,0
DA:16,0
DA:17,0
DA:18,0
DA:19,0
DA:20,0
DA:21,0
DA:22,0
DA:23,0
DA:58,0
DA:59,0
DA:62,0
DA:66,0
DA:70,0
DA:75,0
DA:76,0
DA:81,0
DA:82,0
DA:87,0
DA:88,0
DA:93,0
DA:94,0
DA:99,0
DA:100,0
DA:105,0
DA:106,0
DA:111,0
DA:112,0
DA:117,0
DA:118,0
DA:123,0
DA:124,0
DA:129,0
DA:130,0
DA:135,0
DA:136,0
DA:141,0
DA:142,0
DA:147,0
DA:148,0
DA:153,0
DA:154,0
DA:159,0
DA:160,0
DA:165,0
DA:166,0
DA:171,0
DA:172,0
DA:177,0
DA:178,0
DA:188,0
DA:189,0
DA:194,0
DA:195,0
DA:200,0
DA:201,0
DA:206,0
DA:207,0
DA:212,0
DA:213,0
DA:218,0
DA:219,0
DA:230,0
DA:231,0
DA:236,0
DA:237,0
DA:242,0
DA:243,0
DA:248,0
DA:249,0
DA:254,0
DA:255,0
DA:260,0
DA:261,0
DA:266,0
DA:267,0
DA:272,0
DA:273,0
DA:278,0
DA:279,0
DA:284,0
DA:285,0
DA:290,0
DA:291,0
DA:296,0
DA:297,0
DA:302,0
DA:303,0
DA:308,0
DA:309,0
DA:314,0
DA:315,0
DA:320,0
DA:321,0
DA:326,0
DA:327,0
DA:332,0
DA:333,0
DA:338,0
DA:339,0
DA:344,0
DA:345,0
DA:350,0
DA:351,0
DA:356,0
DA:357,0
DA:362,0
DA:363,0
DA:373,0
DA:374,0
DA:379,0
DA:380,0
DA:386,0
DA:387,0
DA:393,0
DA:400,0
DA:405,0
DA:406,0
DA:411,0
DA:412,0
DA:417,0
DA:418,0
DA:423,0
DA:424,0
DA:429,0
DA:430,0
DA:435,0
DA:436,0
DA:441,0
DA:442,0
DA:447,0
DA:448,0
LF:132
LH:0
BRDA:70,0,0,0
BRDA:70,0,1,0
BRDA:374,1,0,0
BRDA:374,1,1,0
BRF:4
BRH:0
end_of_record
TN:
SF:src\modules\hrms\hrms.module.ts
FNF:0
FNH:0
DA:1,0
DA:2,0
DA:3,0
DA:4,0
DA:11,0
LF:5
LH:0
BRF:0
BRH:0
end_of_record
TN:
SF:src\modules\hrms\hrms.repository.ts
FN:14,(anonymous_2)
FN:16,(anonymous_3)
FN:20,(anonymous_4)
FN:27,(anonymous_5)
FN:33,(anonymous_6)
FN:37,(anonymous_7)
FN:44,(anonymous_8)
FN:48,(anonymous_9)
FN:52,(anonymous_10)
FN:59,(anonymous_11)
FN:63,(anonymous_12)
FN:76,(anonymous_13)
FN:90,(anonymous_14)
FN:109,(anonymous_15)
FN:113,(anonymous_16)
FN:117,(anonymous_17)
FN:123,(anonymous_18)
FN:127,(anonymous_19)
FN:131,(anonymous_20)
FN:135,(anonymous_21)
FN:148,(anonymous_22)
FN:155,(anonymous_23)
FN:162,(anonymous_24)
FN:166,(anonymous_25)
FN:170,(anonymous_26)
FN:190,(anonymous_27)
FN:197,(anonymous_28)
FN:204,(anonymous_29)
FN:217,(anonymous_30)
FN:221,(anonymous_31)
FN:225,(anonymous_32)
FN:245,(anonymous_33)
FN:249,(anonymous_34)
FN:253,(anonymous_35)
FN:257,(anonymous_36)
FN:265,(anonymous_37)
FN:269,(anonymous_38)
FN:276,(anonymous_39)
FN:283,(anonymous_40)
FN:290,(anonymous_41)
FN:303,(anonymous_42)
FN:307,(anonymous_43)
FN:311,(anonymous_44)
FN:315,(anonymous_45)
FN:319,(anonymous_46)
FN:323,(anonymous_47)
FN:327,(anonymous_48)
FN:334,(anonymous_49)
FN:347,(anonymous_50)
FN:351,(anonymous_51)
FN:364,(anonymous_52)
FN:371,(anonymous_53)
FN:384,(anonymous_54)
FN:388,(anonymous_55)
FN:392,(anonymous_56)
FN:399,(anonymous_57)
FN:406,(anonymous_58)
FN:410,(anonymous_59)
FN:417,(anonymous_60)
FN:441,(anonymous_61)
FN:465,(anonymous_62)
FN:490,(anonymous_63)
FN:515,(anonymous_64)
FN:527,(anonymous_65)
FN:533,(anonymous_66)
FN:534,(anonymous_67)
FN:545,(anonymous_68)
FNF:67
FNH:0
FNDA:0,(anonymous_2)
FNDA:0,(anonymous_3)
FNDA:0,(anonymous_4)
FNDA:0,(anonymous_5)
FNDA:0,(anonymous_6)
FNDA:0,(anonymous_7)
FNDA:0,(anonymous_8)
FNDA:0,(anonymous_9)
FNDA:0,(anonymous_10)
FNDA:0,(anonymous_11)
FNDA:0,(anonymous_12)
FNDA:0,(anonymous_13)
FNDA:0,(anonymous_14)
FNDA:0,(anonymous_15)
FNDA:0,(anonymous_16)
FNDA:0,(anonymous_17)
FNDA:0,(anonymous_18)
FNDA:0,(anonymous_19)
FNDA:0,(anonymous_20)
FNDA:0,(anonymous_21)
FNDA:0,(anonymous_22)
FNDA:0,(anonymous_23)
FNDA:0,(anonymous_24)
FNDA:0,(anonymous_25)
FNDA:0,(anonymous_26)
FNDA:0,(anonymous_27)
FNDA:0,(anonymous_28)
FNDA:0,(anonymous_29)
FNDA:0,(anonymous_30)
FNDA:0,(anonymous_31)
FNDA:0,(anonymous_32)
FNDA:0,(anonymous_33)
FNDA:0,(anonymous_34)
FNDA:0,(anonymous_35)
FNDA:0,(anonymous_36)
FNDA:0,(anonymous_37)
FNDA:0,(anonymous_38)
FNDA:0,(anonymous_39)
FNDA:0,(anonymous_40)
FNDA:0,(anonymous_41)
FNDA:0,(anonymous_42)
FNDA:0,(anonymous_43)
FNDA:0,(anonymous_44)
FNDA:0,(anonymous_45)
FNDA:0,(anonymous_46)
FNDA:0,(anonymous_47)
FNDA:0,(anonymous_48)
FNDA:0,(anonymous_49)
FNDA:0,(anonymous_50)
FNDA:0,(anonymous_51)
FNDA:0,(anonymous_52)
FNDA:0,(anonymous_53)
FNDA:0,(anonymous_54)
FNDA:0,(anonymous_55)
FNDA:0,(anonymous_56)
FNDA:0,(anonymous_57)
FNDA:0,(anonymous_58)
FNDA:0,(anonymous_59)
FNDA:0,(anonymous_60)
FNDA:0,(anonymous_61)
FNDA:0,(anonymous_62)
FNDA:0,(anonymous_63)
FNDA:0,(anonymous_64)
FNDA:0,(anonymous_65)
FNDA:0,(anonymous_66)
FNDA:0,(anonymous_67)
FNDA:0,(anonymous_68)
DA:1,1
DA:2,1
DA:9,1
DA:13,1
DA:14,0
DA:17,0
DA:21,0
DA:22,0
DA:23,0
DA:24,0
DA:28,0
DA:29,0
DA:30,0
DA:34,0
DA:38,0
DA:45,0
DA:49,0
DA:53,0
DA:60,0
DA:64,0
DA:77,0
DA:91,0
DA:110,0
DA:114,0
DA:118,0
DA:124,0
DA:128,0
DA:132,0
DA:136,0
DA:149,0
DA:156,0
DA:163,0
DA:167,0
DA:171,0
DA:191,0
DA:198,0
DA:205,0
DA:218,0
DA:222,0
DA:226,0
DA:235,0
DA:236,0
DA:242,0
DA:246,0
DA:250,0
DA:254,0
DA:258,0
DA:266,0
DA:270,0
DA:277,0
DA:284,0
DA:291,0
DA:304,0
DA:308,0
DA:312,0
DA:316,0
DA:320,0
DA:324,0
DA:328,0
DA:335,0
DA:348,0
DA:352,0
DA:365,0
DA:372,0
DA:385,0
DA:389,0
DA:393,0
DA:400,0
DA:407,0
DA:411,0
DA:418,0
DA:432,0
DA:442,0
DA:456,0
DA:466,0
DA:481,0
DA:491,0
DA:506,0
DA:521,0
DA:522,0
DA:523,0
DA:524,0
DA:532,0
DA:533,0
DA:534,0
DA:536,0
DA:537,0
DA:538,0
DA:540,0
DA:541,0
DA:542,0
DA:546,0
DA:547,0
DA:548,0
DA:549,0
LF:95
LH:4
BRDA:21,0,0,0
BRDA:21,0,1,0
BRDA:22,1,0,0
BRDA:22,1,1,0
BRDA:231,2,0,0
BRDA:231,2,1,0
BRDA:235,3,0,0
BRDA:279,4,0,0
BRDA:279,4,1,0
BRDA:421,5,0,0
BRDA:421,5,1,0
BRDA:422,6,0,0
BRDA:422,6,1,0
BRDA:423,7,0,0
BRDA:423,7,1,0
BRDA:423,8,0,0
BRDA:423,8,1,0
BRDA:426,9,0,0
BRDA:426,9,1,0
BRDA:427,10,0,0
BRDA:427,10,1,0
BRDA:445,11,0,0
BRDA:445,11,1,0
BRDA:446,12,0,0
BRDA:446,12,1,0
BRDA:447,13,0,0
BRDA:447,13,1,0
BRDA:447,14,0,0
BRDA:447,14,1,0
BRDA:450,15,0,0
BRDA:450,15,1,0
BRDA:451,16,0,0
BRDA:451,16,1,0
BRDA:469,17,0,0
BRDA:469,17,1,0
BRDA:470,18,0,0
BRDA:470,18,1,0
BRDA:471,19,0,0
BRDA:471,19,1,0
BRDA:471,20,0,0
BRDA:471,20,1,0
BRDA:474,21,0,0
BRDA:474,21,1,0
BRDA:475,22,0,0
BRDA:475,22,1,0
BRDA:495,23,0,0
BRDA:495,23,1,0
BRDA:496,24,0,0
BRDA:496,24,1,0
BRDA:496,25,0,0
BRDA:496,25,1,0
BRDA:499,26,0,0
BRDA:499,26,1,0
BRDA:500,27,0,0
BRDA:500,27,1,0
BRDA:521,28,0,0
BRDA:521,29,0,0
BRDA:521,29,1,0
BRDA:522,30,0,0
BRDA:522,30,1,0
BRDA:532,31,0,0
BRDA:532,32,0,0
BRDA:532,32,1,0
BRDA:541,33,0,0
BRDA:541,33,1,0
BRDA:546,34,0,0
BRDA:547,35,0,0
BRDA:549,36,0,0
BRDA:549,36,1,0
BRF:69
BRH:0
end_of_record
TN:
SF:src\modules\hrms\hrms.service.ts
FN:50,(anonymous_2)
FN:55,(anonymous_3)
FN:67,(anonymous_4)
FN:73,(anonymous_5)
FN:84,(anonymous_6)
FN:103,(anonymous_7)
FN:107,(anonymous_8)
FN:119,(anonymous_9)
FN:139,(anonymous_10)
FN:143,(anonymous_11)
FN:144,(anonymous_12)
FN:174,(anonymous_13)
FN:193,(anonymous_14)
FN:216,(anonymous_15)
FN:217,(anonymous_16)
FN:254,(anonymous_17)
FN:274,(anonymous_18)
FN:289,(anonymous_19)
FN:305,(anonymous_20)
FN:330,(anonymous_21)
FN:347,(anonymous_22)
FN:388,(anonymous_23)
FN:421,(anonymous_24)
FN:441,(anonymous_25)
FN:460,(anonymous_26)
FN:469,(anonymous_27)
FN:481,(anonymous_28)
FN:485,(anonymous_29)
FN:503,(anonymous_30)
FN:544,(anonymous_31)
FN:576,(anonymous_32)
FN:596,(anonymous_33)
FN:608,(anonymous_34)
FN:624,(anonymous_35)
FN:638,(anonymous_36)
FN:652,(anonymous_37)
FN:656,(anonymous_38)
FN:670,(anonymous_39)
FN:679,(anonymous_40)
FN:691,(anonymous_41)
FN:710,(anonymous_42)
FN:719,(anonymous_43)
FN:743,(anonymous_44)
FN:756,(anonymous_45)
FN:768,(anonymous_46)
FN:772,(anonymous_47)
FN:784,(anonymous_48)
FN:788,(anonymous_49)
FN:800,(anonymous_50)
FN:808,(anonymous_51)
FN:821,(anonymous_52)
FN:834,(anonymous_53)
FN:855,(anonymous_54)
FN:875,(anonymous_55)
FN:890,(anonymous_56)
FN:903,(anonymous_57)
FN:912,(anonymous_58)
FN:932,(anonymous_59)
FN:959,(anonymous_60)
FN:971,(anonymous_61)
FN:994,(anonymous_62)
FN:1002,(anonymous_63)
FN:1029,(anonymous_64)
FN:1033,(anonymous_65)
FN:1037,(anonymous_66)
FN:1041,(anonymous_67)
FNF:66
FNH:3
FNDA:1,(anonymous_2)
FNDA:1,(anonymous_3)
FNDA:0,(anonymous_4)
FNDA:0,(anonymous_5)
FNDA:1,(anonymous_6)
FNDA:0,(anonymous_7)
FNDA:0,(anonymous_8)
FNDA:0,(anonymous_9)
FNDA:0,(anonymous_10)
FNDA:0,(anonymous_11)
FNDA:0,(anonymous_12)
FNDA:0,(anonymous_13)
FNDA:0,(anonymous_14)
FNDA:0,(anonymous_15)
FNDA:0,(anonymous_16)
FNDA:0,(anonymous_17)
FNDA:0,(anonymous_18)
FNDA:0,(anonymous_19)
FNDA:0,(anonymous_20)
FNDA:0,(anonymous_21)
FNDA:0,(anonymous_22)
FNDA:0,(anonymous_23)
FNDA:0,(anonymous_24)
FNDA:0,(anonymous_25)
FNDA:0,(anonymous_26)
FNDA:0,(anonymous_27)
FNDA:0,(anonymous_28)
FNDA:0,(anonymous_29)
FNDA:0,(anonymous_30)
FNDA:0,(anonymous_31)
FNDA:0,(anonymous_32)
FNDA:0,(anonymous_33)
FNDA:0,(anonymous_34)
FNDA:0,(anonymous_35)
FNDA:0,(anonymous_36)
FNDA:0,(anonymous_37)
FNDA:0,(anonymous_38)
FNDA:0,(anonymous_39)
FNDA:0,(anonymous_40)
FNDA:0,(anonymous_41)
FNDA:0,(anonymous_42)
FNDA:0,(anonymous_43)
FNDA:0,(anonymous_44)
FNDA:0,(anonymous_45)
FNDA:0,(anonymous_46)
FNDA:0,(anonymous_47)
FNDA:0,(anonymous_48)
FNDA:0,(anonymous_49)
FNDA:0,(anonymous_50)
FNDA:0,(anonymous_51)
FNDA:0,(anonymous_52)
FNDA:0,(anonymous_53)
FNDA:0,(anonymous_54)
FNDA:0,(anonymous_55)
FNDA:0,(anonymous_56)
FNDA:0,(anonymous_57)
FNDA:0,(anonymous_58)
FNDA:0,(anonymous_59)
FNDA:0,(anonymous_60)
FNDA:0,(anonymous_61)
FNDA:0,(anonymous_62)
FNDA:0,(anonymous_63)
FNDA:0,(anonymous_64)
FNDA:0,(anonymous_65)
FNDA:0,(anonymous_66)
FNDA:0,(anonymous_67)
DA:1,1
DA:6,1
DA:14,1
DA:46,1
DA:49,1
DA:51,1
DA:52,1
DA:56,1
DA:68,0
DA:69,0
DA:70,0
DA:74,0
DA:85,1
DA:86,1
DA:99,1
DA:100,1
DA:104,0
DA:108,0
DA:120,0
DA:121,0
DA:135,0
DA:136,0
DA:140,0
DA:144,0
DA:145,0
DA:146,0
DA:172,0
DA:173,0
DA:174,0
DA:189,0
DA:194,0
DA:195,0
DA:212,0
DA:213,0
DA:217,0
DA:218,0
DA:247,0
DA:248,0
DA:252,0
DA:253,0
DA:254,0
DA:270,0
DA:275,0
DA:290,0
DA:306,0
DA:307,0
DA:308,0
DA:309,0
DA:312,0
DA:313,0
DA:316,0
DA:331,0
DA:332,0
DA:333,0
DA:334,0
DA:337,0
DA:348,0
DA:349,0
DA:350,0
DA:351,0
DA:354,0
DA:365,0
DA:366,0
DA:369,0
DA:370,0
DA:372,0
DA:377,0
DA:382,0
DA:389,0
DA:390,0
DA:391,0
DA:392,0
DA:395,0
DA:396,0
DA:400,0
DA:406,0
DA:407,0
DA:409,0
DA:422,0
DA:423,0
DA:437,0
DA:438,0
DA:442,0
DA:443,0
DA:444,0
DA:447,0
DA:461,0
DA:462,0
DA:463,0
DA:466,0
DA:470,0
DA:482,0
DA:486,0
DA:504,0
DA:505,0
DA:508,0
DA:509,0
DA:520,0
DA:521,0
DA:524,0
DA:525,0
DA:526,0
DA:529,0
DA:545,0
DA:546,0
DA:547,0
DA:550,0
DA:558,0
DA:559,0
DA:560,0
DA:573,0
DA:577,0
DA:578,0
DA:592,0
DA:593,0
DA:597,0
DA:609,0
DA:625,0
DA:639,0
DA:653,0
DA:657,0
DA:671,0
DA:680,0
DA:692,0
DA:693,0
DA:706,0
DA:707,0
DA:711,0
DA:712,0
DA:713,0
DA:716,0
DA:720,0
DA:721,0
DA:722,0
DA:725,0
DA:726,0
DA:729,0
DA:744,0
DA:745,0
DA:752,0
DA:753,0
DA:757,0
DA:769,0
DA:773,0
DA:785,0
DA:789,0
DA:801,0
DA:809,0
DA:822,0
DA:823,0
DA:830,0
DA:831,0
DA:836,0
DA:839,0
DA:856,0
DA:857,0
DA:871,0
DA:872,0
DA:876,0
DA:891,0
DA:892,0
DA:899,0
DA:900,0
DA:904,0
DA:905,0
DA:906,0
DA:909,0
DA:913,0
DA:914,0
DA:915,0
DA:918,0
DA:940,0
DA:941,0
DA:942,0
DA:945,0
DA:960,0
DA:961,0
DA:967,0
DA:968,0
DA:972,0
DA:973,0
DA:990,0
DA:991,0
DA:995,0
DA:996,0
DA:997,0
DA:999,0
DA:1003,0
DA:1004,0
DA:1025,0
DA:1026,0
DA:1030,0
DA:1034,0
DA:1038,0
DA:1042,0
LF:195
LH:12
BRDA:68,0,0,0
BRDA:89,1,0,0
BRDA:89,1,1,1
BRDA:90,2,0,0
BRDA:90,2,1,1
BRDA:124,3,0,0
BRDA:124,3,1,0
BRDA:125,4,0,0
BRDA:125,4,1,0
BRDA:126,5,0,0
BRDA:126,5,1,0
BRDA:157,6,0,0
BRDA:157,6,1,0
BRDA:172,7,0,0
BRDA:182,8,0,0
BRDA:182,8,1,0
BRDA:198,9,0,0
BRDA:198,9,1,0
BRDA:199,10,0,0
BRDA:199,10,1,0
BRDA:200,11,0,0
BRDA:200,11,1,0
BRDA:201,12,0,0
BRDA:201,12,1,0
BRDA:227,13,0,0
BRDA:227,13,1,0
BRDA:228,14,0,0
BRDA:228,14,1,0
BRDA:229,15,0,0
BRDA:229,15,1,0
BRDA:232,16,0,0
BRDA:232,16,1,0
BRDA:234,17,0,0
BRDA:234,17,1,0
BRDA:247,18,0,0
BRDA:252,19,0,0
BRDA:262,20,0,0
BRDA:262,20,1,0
BRDA:282,21,0,0
BRDA:282,21,1,0
BRDA:283,22,0,0
BRDA:283,22,1,0
BRDA:293,23,0,0
BRDA:293,23,1,0
BRDA:294,24,0,0
BRDA:294,24,1,0
BRDA:308,25,0,0
BRDA:308,26,0,0
BRDA:308,26,1,0
BRDA:312,27,0,0
BRDA:333,28,0,0
BRDA:333,29,0,0
BRDA:333,29,1,0
BRDA:333,29,2,0
BRDA:350,30,0,0
BRDA:350,31,0,0
BRDA:350,31,1,0
BRDA:365,32,0,0
BRDA:383,33,0,0
BRDA:383,33,1,0
BRDA:391,34,0,0
BRDA:391,35,0,0
BRDA:391,35,1,0
BRDA:391,35,2,0
BRDA:396,36,0,0
BRDA:396,36,1,0
BRDA:426,37,0,0
BRDA:426,37,1,0
BRDA:427,38,0,0
BRDA:427,38,1,0
BRDA:428,39,0,0
BRDA:428,39,1,0
BRDA:428,40,0,0
BRDA:428,40,1,0
BRDA:431,41,0,0
BRDA:431,41,1,0
BRDA:432,42,0,0
BRDA:432,42,1,0
BRDA:443,43,0,0
BRDA:443,44,0,0
BRDA:443,44,1,0
BRDA:443,44,2,0
BRDA:462,45,0,0
BRDA:462,46,0,0
BRDA:462,46,1,0
BRDA:462,46,2,0
BRDA:475,47,0,0
BRDA:475,47,1,0
BRDA:495,48,0,0
BRDA:495,48,1,0
BRDA:504,49,0,0
BRDA:520,50,0,0
BRDA:525,51,0,0
BRDA:546,52,0,0
BRDA:546,53,0,0
BRDA:546,53,1,0
BRDA:546,53,2,0
BRDA:558,54,0,0
BRDA:581,55,0,0
BRDA:581,55,1,0
BRDA:582,56,0,0
BRDA:582,56,1,0
BRDA:583,57,0,0
BRDA:583,57,1,0
BRDA:583,58,0,0
BRDA:583,58,1,0
BRDA:586,59,0,0
BRDA:586,59,1,0
BRDA:587,60,0,0
BRDA:587,60,1,0
BRDA:612,61,0,0
BRDA:612,61,1,0
BRDA:613,62,0,0
BRDA:613,62,1,0
BRDA:613,63,0,0
BRDA:613,63,1,0
BRDA:616,64,0,0
BRDA:616,64,1,0
BRDA:617,65,0,0
BRDA:617,65,1,0
BRDA:630,66,0,0
BRDA:630,66,1,0
BRDA:646,67,0,0
BRDA:646,67,1,0
BRDA:664,68,0,0
BRDA:664,68,1,0
BRDA:674,69,0,0
BRDA:674,69,1,0
BRDA:675,70,0,0
BRDA:675,70,1,0
BRDA:696,71,0,0
BRDA:696,71,1,0
BRDA:697,72,0,0
BRDA:697,72,1,0
BRDA:700,73,0,0
BRDA:700,73,1,0
BRDA:701,74,0,0
BRDA:701,74,1,0
BRDA:712,75,0,0
BRDA:712,76,0,0
BRDA:712,76,1,0
BRDA:712,76,2,0
BRDA:721,77,0,0
BRDA:721,78,0,0
BRDA:721,78,1,0
BRDA:721,78,2,0
BRDA:725,79,0,0
BRDA:749,80,0,0
BRDA:749,80,1,0
BRDA:750,81,0,0
BRDA:750,81,1,0
BRDA:762,82,0,0
BRDA:762,82,1,0
BRDA:804,83,0,0
BRDA:804,83,1,0
BRDA:815,84,0,0
BRDA:815,84,1,0
BRDA:826,85,0,0
BRDA:826,85,1,0
BRDA:827,86,0,0
BRDA:827,86,1,0
BRDA:828,87,0,0
BRDA:828,87,1,0
BRDA:836,88,0,0
BRDA:836,88,1,0
BRDA:837,89,0,0
BRDA:837,89,1,0
BRDA:837,90,0,0
BRDA:837,90,1,0
BRDA:837,91,0,0
BRDA:837,91,1,0
BRDA:849,92,0,0
BRDA:849,92,1,0
BRDA:860,93,0,0
BRDA:860,93,1,0
BRDA:861,94,0,0
BRDA:861,94,1,0
BRDA:862,95,0,0
BRDA:862,95,1,0
BRDA:862,96,0,0
BRDA:862,96,1,0
BRDA:865,97,0,0
BRDA:865,97,1,0
BRDA:866,98,0,0
BRDA:866,98,1,0
BRDA:884,99,0,0
BRDA:884,99,1,0
BRDA:895,100,0,0
BRDA:895,100,1,0
BRDA:896,101,0,0
BRDA:896,101,1,0
BRDA:896,102,0,0
BRDA:896,102,1,0
BRDA:897,103,0,0
BRDA:897,103,1,0
BRDA:905,104,0,0
BRDA:905,105,0,0
BRDA:905,105,1,0
BRDA:905,105,2,0
BRDA:914,106,0,0
BRDA:914,107,0,0
BRDA:914,107,1,0
BRDA:914,107,2,0
BRDA:941,108,0,0
BRDA:941,109,0,0
BRDA:941,109,1,0
BRDA:941,109,2,0
BRDA:964,110,0,0
BRDA:964,110,1,0
BRDA:965,111,0,0
BRDA:965,111,1,0
BRDA:975,112,0,0
BRDA:975,112,1,0
BRDA:978,113,0,0
BRDA:978,113,1,0
BRDA:979,114,0,0
BRDA:979,114,1,0
BRDA:980,115,0,0
BRDA:980,115,1,0
BRDA:980,116,0,0
BRDA:980,116,1,0
BRDA:983,117,0,0
BRDA:983,117,1,0
BRDA:984,118,0,0
BRDA:984,118,1,0
BRDA:996,119,0,0
BRDA:996,120,0,0
BRDA:996,120,1,0
BRDA:1006,121,0,0
BRDA:1006,121,1,0
BRDA:1006,122,0,0
BRDA:1006,122,1,0
BRDA:1009,123,0,0
BRDA:1009,123,1,0
BRDA:1010,124,0,0
BRDA:1010,124,1,0
BRDA:1014,125,0,0
BRDA:1014,125,1,0
BRF:238
BRH:2
end_of_record
TN:
SF:src\modules\inventory\inventory.controller.ts
FN:20,(anonymous_4)
FN:25,(anonymous_5)
FN:31,(anonymous_6)
FN:37,(anonymous_7)
FN:43,(anonymous_8)
FN:49,(anonymous_9)
FN:55,(anonymous_10)
FN:62,(anonymous_11)
FN:69,(anonymous_12)
FN:76,(anonymous_13)
FN:83,(anonymous_14)
FNF:11
FNH:0
FNDA:0,(anonymous_4)
FNDA:0,(anonymous_5)
FNDA:0,(anonymous_6)
FNDA:0,(anonymous_7)
FNDA:0,(anonymous_8)
FNDA:0,(anonymous_9)
FNDA:0,(anonymous_10)
FNDA:0,(anonymous_11)
FNDA:0,(anonymous_12)
FNDA:0,(anonymous_13)
FNDA:0,(anonymous_14)
DA:1,0
DA:2,0
DA:3,0
DA:4,0
DA:5,0
DA:6,0
DA:7,0
DA:8,0
DA:15,0
DA:19,0
DA:20,0
DA:25,0
DA:26,0
DA:31,0
DA:32,0
DA:37,0
DA:38,0
DA:43,0
DA:44,0
DA:49,0
DA:50,0
DA:55,0
DA:56,0
DA:62,0
DA:63,0
DA:69,0
DA:70,0
DA:76,0
DA:77,0
DA:83,0
DA:84,0
LF:31
LH:0
BRDA:63,0,0,0
BRDA:63,0,1,0
BRDA:70,1,0,0
BRDA:70,1,1,0
BRDA:77,2,0,0
BRDA:77,2,1,0
BRDA:84,3,0,0
BRDA:84,3,1,0
BRF:8
BRH:0
end_of_record
TN:
SF:src\modules\inventory\inventory.module.ts
FNF:0
FNH:0
DA:1,0
DA:2,0
DA:3,0
DA:4,0
DA:11,0
LF:5
LH:0
BRF:0
BRH:0
end_of_record
TN:
SF:src\modules\inventory\inventory.repository.ts
FN:7,(anonymous_2)
FN:9,(anonymous_3)
FN:16,(anonymous_4)
FN:24,(anonymous_5)
FN:37,(anonymous_6)
FN:47,(anonymous_7)
FN:114,(anonymous_8)
FNF:7
FNH:0
FNDA:0,(anonymous_2)
FNDA:0,(anonymous_3)
FNDA:0,(anonymous_4)
FNDA:0,(anonymous_5)
FNDA:0,(anonymous_6)
FNDA:0,(anonymous_7)
FNDA:0,(anonymous_8)
DA:1,1
DA:2,1
DA:3,1
DA:6,1
DA:7,0
DA:10,0
DA:17,0
DA:25,0
DA:38,0
DA:60,0
DA:63,0
DA:65,0
DA:66,0
DA:67,0
DA:68,0
DA:70,0
DA:72,0
DA:77,0
DA:91,0
DA:111,0
DA:127,0
DA:136,0
DA:137,0
DA:140,0
DA:154,0
DA:159,0
DA:160,0
DA:175,0
DA:202,0
DA:222,0
LF:30
LH:4
BRDA:16,0,0,0
BRDA:37,1,0,0
BRDA:63,2,0,0
BRDA:66,3,0,0
BRDA:66,4,0,0
BRDA:66,4,1,0
BRDA:67,5,0,0
BRDA:67,6,0,0
BRDA:67,6,1,0
BRDA:68,7,0,0
BRDA:70,8,0,0
BRDA:136,9,0,0
BRDA:136,10,0,0
BRDA:136,10,1,0
BRF:14
BRH:0
end_of_record
TN:
SF:src\modules\inventory\inventory.service.ts
FN:15,(anonymous_2)
FN:20,(anonymous_3)
FN:64,(anonymous_4)
FN:84,(anonymous_5)
FN:90,(anonymous_6)
FN:94,(anonymous_7)
FN:95,(anonymous_8)
FN:112,(anonymous_9)
FN:115,(anonymous_10)
FN:142,(anonymous_11)
FN:147,(anonymous_12)
FN:161,(anonymous_13)
FN:171,(anonymous_14)
FN:177,(anonymous_15)
FNF:14
FNH:3
FNDA:2,(anonymous_2)
FNDA:0,(anonymous_3)
FNDA:0,(anonymous_4)
FNDA:1,(anonymous_5)
FNDA:0,(anonymous_6)
FNDA:0,(anonymous_7)
FNDA:0,(anonymous_8)
FNDA:0,(anonymous_9)
FNDA:0,(anonymous_10)
FNDA:1,(anonymous_11)
FNDA:0,(anonymous_12)
FNDA:0,(anonymous_13)
FNDA:0,(anonymous_14)
FNDA:0,(anonymous_15)
DA:1,1
DA:2,1
DA:3,1
DA:11,1
DA:14,1
DA:16,2
DA:17,2
DA:21,0
DA:47,0
DA:61,0
DA:65,0
DA:67,0
DA:68,0
DA:69,0
DA:71,0
DA:72,0
DA:73,0
DA:81,0
DA:85,1
DA:86,1
DA:87,0
DA:91,0
DA:95,0
DA:96,0
DA:108,0
DA:109,0
DA:113,0
DA:115,0
DA:116,0
DA:127,0
DA:139,0
DA:143,1
DA:144,1
DA:147,0
DA:148,0
DA:162,0
DA:172,0
DA:173,0
DA:174,0
DA:178,0
LF:40
LH:11
BRDA:37,0,0,0
BRDA:37,0,1,0
BRDA:41,1,0,0
BRDA:41,1,1,0
BRDA:50,2,0,0
BRDA:50,2,1,0
BRDA:67,3,0,0
BRDA:67,4,0,0
BRDA:67,4,1,0
BRDA:68,5,0,0
BRDA:68,6,0,0
BRDA:68,6,1,0
BRDA:69,7,0,0
BRDA:69,8,0,0
BRDA:69,8,1,0
BRDA:71,9,0,0
BRDA:71,10,0,0
BRDA:71,10,1,0
BRDA:86,11,0,1
BRDA:108,12,0,0
BRDA:143,13,0,1
BRDA:166,14,0,0
BRDA:166,14,1,0
BRDA:173,15,0,0
BRF:24
BRH:2
end_of_record
TN:
SF:src\modules\monitoring\monitoring.controller.ts
FN:17,(anonymous_4)
FN:22,(anonymous_5)
FN:29,(anonymous_6)
FN:36,(anonymous_7)
FN:43,(anonymous_8)
FN:50,(anonymous_9)
FN:57,(anonymous_10)
FN:64,(anonymous_11)
FN:71,(anonymous_12)
FN:78,(anonymous_13)
FN:85,(anonymous_14)
FN:92,(anonymous_15)
FN:99,(anonymous_16)
FN:106,(anonymous_17)
FNF:14
FNH:0
FNDA:0,(anonymous_4)
FNDA:0,(anonymous_5)
FNDA:0,(anonymous_6)
FNDA:0,(anonymous_7)
FNDA:0,(anonymous_8)
FNDA:0,(anonymous_9)
FNDA:0,(anonymous_10)
FNDA:0,(anonymous_11)
FNDA:0,(anonymous_12)
FNDA:0,(anonymous_13)
FNDA:0,(anonymous_14)
FNDA:0,(anonymous_15)
FNDA:0,(anonymous_16)
FNDA:0,(anonymous_17)
DA:1,0
DA:2,0
DA:3,0
DA:4,0
DA:5,0
DA:6,0
DA:7,0
DA:8,0
DA:9,0
DA:10,0
DA:16,0
DA:17,0
DA:22,0
DA:23,0
DA:29,0
DA:30,0
DA:36,0
DA:37,0
DA:43,0
DA:44,0
DA:50,0
DA:51,0
DA:57,0
DA:58,0
DA:64,0
DA:65,0
DA:71,0
DA:72,0
DA:78,0
DA:79,0
DA:85,0
DA:86,0
DA:92,0
DA:93,0
DA:99,0
DA:100,0
DA:106,0
DA:107,0
LF:38
LH:0
BRF:0
BRH:0
end_of_record
TN:
SF:src\modules\monitoring\monitoring.module.ts
FNF:0
FNH:0
DA:1,0
DA:2,0
DA:3,0
DA:4,0
DA:5,0
DA:6,0
DA:14,0
LF:7
LH:0
BRF:0
BRH:0
end_of_record
TN:
SF:src\modules\monitoring\monitoring.repository.ts
FN:13,(anonymous_2)
FN:15,(anonymous_3)
FN:19,(anonymous_4)
FN:26,(anonymous_5)
FN:30,(anonymous_6)
FN:34,(anonymous_7)
FN:38,(anonymous_8)
FN:42,(anonymous_9)
FN:46,(anonymous_10)
FN:53,(anonymous_11)
FN:60,(anonymous_12)
FN:76,(anonymous_13)
FN:80,(anonymous_14)
FN:87,(anonymous_15)
FN:94,(anonymous_16)
FN:101,(anonymous_17)
FN:108,(anonymous_18)
FN:115,(anonymous_19)
FN:134,(anonymous_20)
FN:151,(anonymous_21)
FN:187,(anonymous_22)
FNF:21
FNH:0
FNDA:0,(anonymous_2)
FNDA:0,(anonymous_3)
FNDA:0,(anonymous_4)
FNDA:0,(anonymous_5)
FNDA:0,(anonymous_6)
FNDA:0,(anonymous_7)
FNDA:0,(anonymous_8)
FNDA:0,(anonymous_9)
FNDA:0,(anonymous_10)
FNDA:0,(anonymous_11)
FNDA:0,(anonymous_12)
FNDA:0,(anonymous_13)
FNDA:0,(anonymous_14)
FNDA:0,(anonymous_15)
FNDA:0,(anonymous_16)
FNDA:0,(anonymous_17)
FNDA:0,(anonymous_18)
FNDA:0,(anonymous_19)
FNDA:0,(anonymous_20)
FNDA:0,(anonymous_21)
FNDA:0,(anonymous_22)
DA:1,1
DA:2,1
DA:8,1
DA:12,1
DA:13,0
DA:16,0
DA:20,0
DA:21,0
DA:22,0
DA:23,0
DA:27,0
DA:31,0
DA:35,0
DA:39,0
DA:43,0
DA:47,0
DA:54,0
DA:61,0
DA:77,0
DA:81,0
DA:88,0
DA:95,0
DA:102,0
DA:109,0
DA:116,0
DA:135,0
DA:157,0
DA:158,0
DA:169,0
DA:171,0
DA:188,0
LF:31
LH:4
BRDA:20,0,0,0
BRDA:20,0,1,0
BRDA:21,1,0,0
BRDA:21,1,1,0
BRDA:60,2,0,0
BRDA:119,3,0,0
BRDA:119,3,1,0
BRDA:119,4,0,0
BRDA:119,4,1,0
BRDA:122,5,0,0
BRDA:122,5,1,0
BRDA:123,6,0,0
BRDA:123,6,1,0
BRDA:139,7,0,0
BRDA:139,7,1,0
BRDA:139,8,0,0
BRDA:139,8,1,0
BRDA:142,9,0,0
BRDA:142,9,1,0
BRDA:143,10,0,0
BRDA:143,10,1,0
BRDA:169,11,0,0
BRDA:191,12,0,0
BRDA:191,12,1,0
BRDA:192,13,0,0
BRDA:192,13,1,0
BRDA:193,14,0,0
BRDA:193,14,1,0
BRDA:194,15,0,0
BRDA:194,15,1,0
BRDA:195,16,0,0
BRDA:195,16,1,0
BRDA:195,17,0,0
BRDA:195,17,1,0
BRDA:198,18,0,0
BRDA:198,18,1,0
BRDA:199,19,0,0
BRDA:199,19,1,0
BRDA:203,20,0,0
BRDA:203,20,1,0
BRF:40
BRH:0
end_of_record
TN:
SF:src\modules\monitoring\monitoring.service.ts
FN:22,(anonymous_2)
FN:28,(anonymous_3)
FN:40,(anonymous_4)
FN:42,(anonymous_5)
FN:46,(anonymous_6)
FN:51,(anonymous_7)
FN:58,(anonymous_8)
FN:70,(anonymous_9)
FN:86,(anonymous_10)
FN:92,(anonymous_11)
FN:118,(anonymous_12)
FN:189,(anonymous_13)
FN:290,(anonymous_14)
FN:326,(anonymous_15)
FN:339,(anonymous_16)
FN:343,(anonymous_17)
FN:380,(anonymous_18)
FN:415,(anonymous_19)
FN:437,(anonymous_20)
FN:465,(anonymous_21)
FN:493,(anonymous_22)
FN:520,(anonymous_23)
FN:539,(anonymous_24)
FN:566,(anonymous_25)
FNF:24
FNH:4
FNDA:2,(anonymous_2)
FNDA:0,(anonymous_3)
FNDA:0,(anonymous_4)
FNDA:0,(anonymous_5)
FNDA:0,(anonymous_6)
FNDA:2,(anonymous_7)
FNDA:0,(anonymous_8)
FNDA:0,(anonymous_9)
FNDA:0,(anonymous_10)
FNDA:0,(anonymous_11)
FNDA:2,(anonymous_12)
FNDA:2,(anonymous_13)
FNDA:0,(anonymous_14)
FNDA:0,(anonymous_15)
FNDA:0,(anonymous_16)
FNDA:0,(anonymous_17)
FNDA:0,(anonymous_18)
FNDA:0,(anonymous_19)
FNDA:0,(anonymous_20)
FNDA:0,(anonymous_21)
FNDA:0,(anonymous_22)
FNDA:0,(anonymous_23)
FNDA:0,(anonymous_24)
FNDA:0,(anonymous_25)
DA:1,1
DA:2,1
DA:8,1
DA:9,1
DA:10,1
DA:11,1
DA:12,1
DA:14,1
DA:17,1
DA:18,2
DA:19,2
DA:20,2
DA:23,2
DA:24,2
DA:25,2
DA:29,0
DA:40,0
DA:42,0
DA:43,0
DA:46,0
DA:47,0
DA:52,2
DA:53,2
DA:54,2
DA:55,2
DA:59,0
DA:71,0
DA:87,0
DA:88,0
DA:89,0
DA:93,0
DA:94,0
DA:114,0
DA:115,0
DA:125,2
DA:126,0
DA:129,0
DA:132,2
DA:133,0
DA:134,0
DA:142,2
DA:143,2
DA:144,1
DA:147,0
DA:148,0
DA:149,0
DA:150,0
DA:164,0
DA:171,0
DA:172,0
DA:182,0
DA:190,2
DA:192,2
DA:193,2
DA:194,2
DA:195,2
DA:197,2
DA:198,2
DA:199,2
DA:205,2
DA:206,2
DA:215,2
DA:216,2
DA:224,1
DA:232,1
DA:240,1
DA:242,1
DA:243,1
DA:244,1
DA:245,1
DA:247,1
DA:256,1
DA:264,1
DA:265,1
DA:282,1
DA:283,1
DA:287,2
DA:291,0
DA:292,0
DA:293,0
DA:294,0
DA:295,0
DA:296,0
DA:302,0
DA:308,0
DA:314,0
DA:322,0
DA:327,0
DA:328,0
DA:329,0
DA:330,0
DA:331,0
DA:332,0
DA:335,0
DA:340,0
DA:344,0
DA:345,0
DA:346,0
DA:347,0
DA:348,0
DA:350,0
DA:353,0
DA:354,0
DA:355,0
DA:356,0
DA:357,0
DA:358,0
DA:359,0
DA:361,0
DA:364,0
DA:365,0
DA:366,0
DA:371,0
DA:381,0
DA:382,0
DA:384,0
DA:385,0
DA:386,0
DA:387,0
DA:389,0
DA:416,0
DA:424,0
DA:431,0
DA:438,0
DA:439,0
DA:461,0
DA:462,0
DA:466,0
DA:467,0
DA:489,0
DA:490,0
DA:494,0
DA:495,0
DA:516,0
DA:517,0
DA:521,0
DA:522,0
DA:535,0
DA:536,0
DA:540,0
DA:541,0
DA:562,0
DA:563,0
DA:567,0
DA:568,0
DA:588,0
DA:589,0
LF:147
LH:50
BRDA:52,0,0,0
BRDA:53,1,0,0
BRDA:77,2,0,0
BRDA:77,2,1,0
BRDA:78,3,0,0
BRDA:78,3,1,0
BRDA:79,4,0,0
BRDA:79,4,1,0
BRDA:80,5,0,0
BRDA:80,5,1,0
BRDA:97,6,0,0
BRDA:97,6,1,0
BRDA:97,7,0,0
BRDA:97,7,1,0
BRDA:100,8,0,0
BRDA:100,8,1,0
BRDA:101,9,0,0
BRDA:101,9,1,0
BRDA:105,10,0,0
BRDA:105,10,1,0
BRDA:125,11,0,0
BRDA:126,12,0,0
BRDA:126,12,1,0
BRDA:132,13,0,0
BRDA:142,14,0,2
BRDA:143,15,0,2
BRDA:143,15,1,0
BRDA:147,16,0,0
BRDA:171,17,0,0
BRDA:171,17,1,0
BRDA:177,18,0,0
BRDA:177,18,1,0
BRDA:178,19,0,0
BRDA:178,19,1,0
BRDA:189,20,0,0
BRDA:245,21,0,1
BRDA:245,21,1,0
BRDA:248,22,0,0
BRDA:248,22,1,1
BRDA:250,23,0,0
BRDA:250,23,1,1
BRDA:257,24,0,0
BRDA:257,24,1,1
BRDA:264,25,0,1
BRDA:282,26,0,0
BRDA:282,26,1,1
BRDA:291,27,0,0
BRDA:327,28,0,0
BRDA:340,29,0,0
BRDA:340,29,1,0
BRDA:365,30,0,0
BRDA:365,30,1,0
BRDA:372,31,0,0
BRDA:372,31,1,0
BRDA:372,32,0,0
BRDA:372,32,1,0
BRDA:396,33,0,0
BRDA:396,33,1,0
BRDA:406,34,0,0
BRDA:406,34,1,0
BRDA:407,35,0,0
BRDA:407,35,1,0
BRDA:442,36,0,0
BRDA:442,36,1,0
BRDA:443,37,0,0
BRDA:443,37,1,0
BRDA:443,38,0,0
BRDA:443,38,1,0
BRDA:446,39,0,0
BRDA:446,39,1,0
BRDA:447,40,0,0
BRDA:447,40,1,0
BRDA:451,41,0,0
BRDA:451,41,1,0
BRDA:470,42,0,0
BRDA:470,42,1,0
BRDA:471,43,0,0
BRDA:471,43,1,0
BRDA:471,44,0,0
BRDA:471,44,1,0
BRDA:474,45,0,0
BRDA:474,45,1,0
BRDA:475,46,0,0
BRDA:475,46,1,0
BRDA:479,47,0,0
BRDA:479,47,1,0
BRDA:497,48,0,0
BRDA:497,48,1,0
BRDA:498,49,0,0
BRDA:498,49,1,0
BRDA:498,50,0,0
BRDA:498,50,1,0
BRDA:501,51,0,0
BRDA:501,51,1,0
BRDA:502,52,0,0
BRDA:502,52,1,0
BRDA:506,53,0,0
BRDA:506,53,1,0
BRDA:524,54,0,0
BRDA:524,54,1,0
BRDA:525,55,0,0
BRDA:525,55,1,0
BRDA:525,56,0,0
BRDA:525,56,1,0
BRDA:528,57,0,0
BRDA:528,57,1,0
BRDA:529,58,0,0
BRDA:529,58,1,0
BRDA:533,59,0,0
BRDA:533,59,1,0
BRDA:543,60,0,0
BRDA:543,60,1,0
BRDA:544,61,0,0
BRDA:544,61,1,0
BRDA:544,62,0,0
BRDA:544,62,1,0
BRDA:547,63,0,0
BRDA:547,63,1,0
BRDA:548,64,0,0
BRDA:548,64,1,0
BRDA:552,65,0,0
BRDA:552,65,1,0
BRDA:571,66,0,0
BRDA:571,66,1,0
BRDA:571,67,0,0
BRDA:571,67,1,0
BRDA:574,68,0,0
BRDA:574,68,1,0
BRDA:575,69,0,0
BRDA:575,69,1,0
BRDA:579,70,0,0
BRDA:579,70,1,0
BRF:132
BRH:8
end_of_record
TN:
SF:src\modules\notifications\notifications.controller.ts
FN:30,(anonymous_4)
FN:35,(anonymous_5)
FN:42,(anonymous_6)
FN:49,(anonymous_7)
FN:56,(anonymous_8)
FN:63,(anonymous_9)
FN:70,(anonymous_10)
FN:77,(anonymous_11)
FN:84,(anonymous_12)
FN:91,(anonymous_13)
FN:98,(anonymous_14)
FN:105,(anonymous_15)
FN:112,(anonymous_16)
FN:119,(anonymous_17)
FN:126,(anonymous_18)
FN:133,(anonymous_19)
FN:140,(anonymous_20)
FN:147,(anonymous_21)
FN:154,(anonymous_22)
FN:161,(anonymous_23)
FN:168,(anonymous_24)
FNF:21
FNH:0
FNDA:0,(anonymous_4)
FNDA:0,(anonymous_5)
FNDA:0,(anonymous_6)
FNDA:0,(anonymous_7)
FNDA:0,(anonymous_8)
FNDA:0,(anonymous_9)
FNDA:0,(anonymous_10)
FNDA:0,(anonymous_11)
FNDA:0,(anonymous_12)
[...]
FN:66,(anonymous_9)
FN:72,(anonymous_10)
FN:78,(anonymous_11)
FN:84,(anonymous_12)
FN:90,(anonymous_13)
FN:108,(anonymous_14)
FNF:11
FNH:0
FNDA:0,(anonymous_4)
FNDA:0,(anonymous_5)
FNDA:0,(anonymous_6)
FNDA:0,(anonymous_7)
FNDA:0,(anonymous_8)
FNDA:0,(anonymous_9)
FNDA:0,(anonymous_10)
FNDA:0,(anonymous_11)
FNDA:0,(anonymous_12)
FNDA:0,(anonymous_13)
FNDA:0,(anonymous_14)
DA:1,0
DA:13,0
DA:14,0
DA:15,0
DA:16,0
DA:17,0
DA:18,0
DA:19,0
DA:20,0
DA:21,0
DA:22,0
DA:28,0
DA:34,0
DA:35,0
DA:39,0
DA:40,0
DA:46,0
DA:47,0
DA:53,0
DA:54,0
DA:60,0
DA:61,0
DA:66,0
DA:67,0
DA:72,0
DA:73,0
DA:78,0
DA:79,0
DA:84,0
DA:85,0
DA:90,0
DA:91,0
DA:108,0
DA:113,0
LF:34
LH:0
BRF:0
BRH:0
end_of_record
TN:
SF:src\modules\settings\settings.module.ts
FNF:0
FNH:0
DA:1,0
DA:2,0
DA:3,0
DA:4,0
DA:11,0
LF:5
LH:0
BRF:0
BRH:0
end_of_record
TN:
SF:src\modules\settings\settings.repository.ts
FN:7,(anonymous_2)
FN:9,(anonymous_3)
FN:19,(anonymous_4)
FN:26,(anonymous_5)
FN:46,(anonymous_6)
FN:47,(anonymous_7)
FN:72,(anonymous_8)
FN:79,(anonymous_9)
FN:91,(anonymous_10)
FN:102,(anonymous_11)
FNF:10
FNH:0
FNDA:0,(anonymous_2)
FNDA:0,(anonymous_3)
FNDA:0,(anonymous_4)
FNDA:0,(anonymous_5)
FNDA:0,(anonymous_6)
FNDA:0,(anonymous_7)
FNDA:0,(anonymous_8)
FNDA:0,(anonymous_9)
FNDA:0,(anonymous_10)
FNDA:0,(anonymous_11)
DA:1,1
DA:3,1
DA:6,1
DA:7,0
DA:10,0
DA:20,0
DA:32,0
DA:47,0
DA:48,0
DA:49,0
DA:51,0
DA:76,0
DA:85,0
DA:92,0
DA:103,0
LF:15
LH:3
BRDA:35,0,0,0
BRDA:35,0,1,0
BRDA:36,1,0,0
BRDA:36,1,1,0
BRDA:37,2,0,0
BRDA:37,2,1,0
BRDA:38,3,0,0
BRDA:38,3,1,0
BRDA:55,4,0,0
BRDA:55,4,1,0
BRDA:56,5,0,0
BRDA:56,5,1,0
BRDA:57,6,0,0
BRDA:57,6,1,0
BRDA:58,7,0,0
BRDA:58,7,1,0
BRDA:96,8,0,0
BRDA:96,8,1,0
BRF:18
BRH:0
end_of_record
TN:
SF:src\modules\settings\settings.service.ts
FN:11,(anonymous_2)
FN:13,(anonymous_3)
FN:17,(anonymous_4)
FN:28,(anonymous_5)
FN:40,(anonymous_6)
FN:138,(anonymous_7)
FN:156,(anonymous_8)
FN:198,(anonymous_9)
FN:202,(anonymous_10)
FN:211,(anonymous_11)
FN:220,(anonymous_12)
FN:232,(anonymous_13)
FN:255,(anonymous_14)
FN:265,(anonymous_15)
FNF:14
FNH:0
FNDA:0,(anonymous_2)
FNDA:0,(anonymous_3)
FNDA:0,(anonymous_4)
FNDA:0,(anonymous_5)
FNDA:0,(anonymous_6)
FNDA:0,(anonymous_7)
FNDA:0,(anonymous_8)
FNDA:0,(anonymous_9)
FNDA:0,(anonymous_10)
FNDA:0,(anonymous_11)
FNDA:0,(anonymous_12)
FNDA:0,(anonymous_13)
FNDA:0,(anonymous_14)
FNDA:0,(anonymous_15)
DA:1,1
DA:2,1
DA:3,1
DA:4,1
DA:5,1
DA:6,1
DA:10,1
DA:11,0
DA:14,0
DA:18,0
DA:19,0
DA:21,0
DA:22,0
DA:23,0
DA:24,0
DA:25,0
DA:29,0
DA:30,0
DA:32,0
DA:33,0
DA:34,0
DA:37,0
DA:41,0
DA:105,0
DA:107,0
DA:115,0
DA:116,0
DA:122,0
DA:135,0
DA:144,0
DA:146,0
DA:148,0
DA:149,0
DA:150,0
DA:151,0
DA:153,0
DA:154,0
DA:156,0
DA:157,0
DA:170,0
DA:171,0
DA:174,0
DA:192,0
DA:195,0
DA:199,0
DA:203,0
DA:204,0
DA:205,0
DA:206,0
DA:212,0
DA:213,0
DA:214,0
DA:215,0
DA:221,0
DA:222,0
DA:223,0
DA:233,0
DA:234,0
DA:256,0
DA:257,0
DA:266,0
DA:267,0
LF:62
LH:7
BRDA:19,0,0,0
BRDA:21,1,0,0
BRDA:21,1,1,0
BRDA:24,2,0,0
BRDA:30,3,0,0
BRDA:33,4,0,0
BRDA:42,5,0,0
BRDA:42,5,1,0
BRDA:43,6,0,0
BRDA:43,6,1,0
BRDA:44,7,0,0
BRDA:44,7,1,0
BRDA:45,8,0,0
BRDA:45,8,1,0
BRDA:46,9,0,0
BRDA:46,9,1,0
BRDA:47,10,0,0
BRDA:47,10,1,0
BRDA:48,11,0,0
BRDA:48,11,1,0
BRDA:49,12,0,0
BRDA:49,12,1,0
BRDA:50,13,0,0
BRDA:50,13,1,0
BRDA:51,14,0,0
BRDA:51,14,1,0
BRDA:52,15,0,0
BRDA:52,15,1,0
BRDA:53,16,0,0
BRDA:53,16,1,0
BRDA:54,17,0,0
BRDA:54,17,1,0
BRDA:55,18,0,0
BRDA:55,18,1,0
BRDA:56,19,0,0
BRDA:56,19,1,0
BRDA:57,20,0,0
BRDA:57,20,1,0
BRDA:58,21,0,0
BRDA:58,21,1,0
BRDA:59,22,0,0
BRDA:59,22,1,0
BRDA:60,23,0,0
BRDA:60,23,1,0
BRDA:61,24,0,0
BRDA:61,24,1,0
BRDA:62,25,0,0
BRDA:62,25,1,0
BRDA:63,26,0,0
BRDA:63,26,1,0
BRDA:66,27,0,0
BRDA:66,27,1,0
BRDA:67,28,0,0
BRDA:67,28,1,0
BRDA:68,29,0,0
BRDA:68,29,1,0
BRDA:69,30,0,0
BRDA:69,30,1,0
BRDA:70,31,0,0
BRDA:70,31,1,0
BRDA:71,32,0,0
BRDA:71,32,1,0
BRDA:72,33,0,0
BRDA:72,33,1,0
BRDA:73,34,0,0
BRDA:73,34,1,0
BRDA:74,35,0,0
BRDA:74,35,1,0
BRDA:77,36,0,0
BRDA:77,36,1,0
BRDA:78,37,0,0
BRDA:78,37,1,0
BRDA:79,38,0,0
BRDA:79,38,1,0
BRDA:82,39,0,0
BRDA:82,39,1,0
BRDA:83,40,0,0
BRDA:83,40,1,0
BRDA:84,41,0,0
BRDA:84,41,1,0
BRDA:87,42,0,0
BRDA:87,42,1,0
BRDA:88,43,0,0
BRDA:88,43,1,0
BRDA:89,44,0,0
BRDA:89,44,1,0
BRDA:90,45,0,0
BRDA:90,45,1,0
BRDA:91,46,0,0
BRDA:91,46,1,0
BRDA:92,47,0,0
BRDA:92,47,1,0
BRDA:93,48,0,0
BRDA:93,48,1,0
BRDA:94,49,0,0
BRDA:94,49,1,0
BRDA:97,50,0,0
BRDA:97,50,1,0
BRDA:100,51,0,0
BRDA:100,51,1,0
BRDA:108,52,0,0
BRDA:108,52,1,0
BRDA:109,53,0,0
BRDA:109,53,1,0
BRDA:110,54,0,0
BRDA:110,54,1,0
BRDA:111,55,0,0
BRDA:111,55,1,0
BRDA:115,56,0,0
BRDA:144,57,0,0
BRDA:148,58,0,0
BRDA:148,58,1,0
BRDA:170,59,0,0
BRDA:204,60,0,0
BRDA:204,60,1,0
BRDA:213,61,0,0
BRDA:213,61,1,0
BRF:117
BRH:0
end_of_record
TN:
SF:src\modules\suppliers\suppliers.controller.ts
FN:22,(anonymous_4)
FN:27,(anonymous_5)
FN:33,(anonymous_6)
FN:40,(anonymous_7)
FN:46,(anonymous_8)
FN:53,(anonymous_9)
FN:60,(anonymous_10)
FN:66,(anonymous_11)
FN:72,(anonymous_12)
FN:78,(anonymous_13)
FN:85,(anonymous_14)
FN:92,(anonymous_15)
FN:99,(anonymous_16)
FN:105,(anonymous_17)
FN:112,(anonymous_18)
FN:118,(anonymous_19)
FN:124,(anonymous_20)
FNF:17
FNH:0
FNDA:0,(anonymous_4)
FNDA:0,(anonymous_5)
FNDA:0,(anonymous_6)
FNDA:0,(anonymous_7)
FNDA:0,(anonymous_8)
FNDA:0,(anonymous_9)
FNDA:0,(anonymous_10)
FNDA:0,(anonymous_11)
FNDA:0,(anonymous_12)
FNDA:0,(anonymous_13)
FNDA:0,(anonymous_14)
FNDA:0,(anonymous_15)
FNDA:0,(anonymous_16)
FNDA:0,(anonymous_17)
FNDA:0,(anonymous_18)
FNDA:0,(anonymous_19)
FNDA:0,(anonymous_20)
DA:1,0
DA:2,0
DA:3,0
DA:4,0
DA:5,0
DA:6,0
DA:7,0
DA:8,0
DA:17,0
DA:21,0
DA:22,0
DA:27,0
DA:28,0
DA:33,0
DA:34,0
DA:40,0
DA:41,0
DA:46,0
DA:47,0
DA:53,0
DA:54,0
DA:60,0
DA:61,0
DA:66,0
DA:67,0
DA:72,0
DA:73,0
DA:78,0
DA:79,0
DA:85,0
DA:86,0
DA:92,0
DA:93,0
DA:99,0
DA:100,0
DA:105,0
DA:106,0
DA:112,0
DA:113,0
DA:118,0
DA:119,0
DA:124,0
DA:125,0
LF:43
LH:0
BRF:0
BRH:0
end_of_record
TN:
SF:src\modules\suppliers\suppliers.module.ts
FNF:0
FNH:0
DA:1,0
DA:2,0
DA:3,0
DA:4,0
DA:11,0
LF:5
LH:0
BRF:0
BRH:0
end_of_record
TN:
SF:src\modules\suppliers\suppliers.repository.ts
FN:7,(anonymous_2)
FN:9,(anonymous_3)
FN:19,(anonymous_4)
FN:25,(anonymous_5)
FN:31,(anonymous_6)
FN:38,(anonymous_7)
FN:45,(anonymous_8)
FN:52,(anonymous_9)
FN:71,(anonymous_10)
FN:129,(anonymous_11)
FN:141,(anonymous_12)
FN:154,(anonymous_13)
FN:161,(anonymous_14)
FN:173,(anonymous_15)
FNF:14
FNH:0
FNDA:0,(anonymous_2)
FNDA:0,(anonymous_3)
FNDA:0,(anonymous_4)
FNDA:0,(anonymous_5)
FNDA:0,(anonymous_6)
FNDA:0,(anonymous_7)
FNDA:0,(anonymous_8)
FNDA:0,(anonymous_9)
FNDA:0,(anonymous_10)
FNDA:0,(anonymous_11)
FNDA:0,(anonymous_12)
FNDA:0,(anonymous_13)
FNDA:0,(anonymous_14)
FNDA:0,(anonymous_15)
DA:1,1
DA:2,1
DA:3,1
DA:6,1
DA:7,0
DA:10,0
DA:20,0
DA:26,0
DA:32,0
DA:39,0
DA:46,0
DA:59,0
DA:107,0
DA:127,0
DA:128,0
DA:129,0
DA:139,0
DA:140,0
DA:141,0
DA:151,0
DA:155,0
DA:162,0
DA:174,0
LF:23
LH:4
BRDA:121,0,0,0
BRDA:121,0,1,0
BRDA:127,1,0,0
BRDA:139,2,0,0
BRF:4
BRH:0
end_of_record
TN:
SF:src\modules\suppliers\suppliers.service.ts
FN:17,(anonymous_2)
FN:22,(anonymous_3)
FN:26,(anonymous_4)
FN:30,(anonymous_5)
FN:34,(anonymous_6)
FN:38,(anonymous_7)
FN:39,(anonymous_8)
FN:91,(anonymous_9)
FN:97,(anonymous_10)
FN:128,(anonymous_11)
FN:131,(anonymous_12)
FN:159,(anonymous_13)
FN:177,(anonymous_14)
FN:237,(anonymous_15)
FN:240,(anonymous_16)
FN:273,(anonymous_17)
FN:285,(anonymous_18)
FN:290,(anonymous_19)
FN:300,(anonymous_20)
FN:323,(anonymous_21)
FN:328,(anonymous_22)
FN:334,(anonymous_23)
FN:343,(anonymous_24)
FNF:23
FNH:3
FNDA:2,(anonymous_2)
FNDA:0,(anonymous_3)
FNDA:0,(anonymous_4)
FNDA:0,(anonymous_5)
FNDA:0,(anonymous_6)
FNDA:0,(anonymous_7)
FNDA:0,(anonymous_8)
FNDA:1,(anonymous_9)
FNDA:1,(anonymous_10)
FNDA:0,(anonymous_11)
FNDA:0,(anonymous_12)
FNDA:0,(anonymous_13)
FNDA:0,(anonymous_14)
FNDA:0,(anonymous_15)
FNDA:0,(anonymous_16)
FNDA:0,(anonymous_17)
FNDA:0,(anonymous_18)
FNDA:0,(anonymous_19)
FNDA:0,(anonymous_20)
FNDA:0,(anonymous_21)
FNDA:0,(anonymous_22)
FNDA:0,(anonymous_23)
FNDA:0,(anonymous_24)
DA:1,1
DA:2,1
DA:3,1
DA:13,1
DA:16,1
DA:18,2
DA:19,2
DA:23,0
DA:27,0
DA:31,0
DA:35,0
DA:39,0
DA:40,0
DA:59,0
DA:71,0
DA:85,0
DA:88,0
DA:92,1
DA:93,1
DA:94,0
DA:98,1
DA:99,1
DA:100,1
DA:102,1
DA:103,1
DA:104,1
DA:105,1
DA:106,1
DA:107,1
DA:108,0
DA:116,1
DA:121,1
DA:122,1
DA:124,1
DA:125,1
DA:129,0
DA:131,0
DA:132,0
DA:152,0
DA:153,0
DA:157,0
DA:158,0
DA:159,0
DA:170,0
DA:171,0
DA:175,0
DA:176,0
DA:177,0
DA:188,0
DA:189,0
DA:190,0
DA:207,0
DA:219,0
DA:234,0
DA:238,0
DA:240,0
DA:241,0
DA:245,0
DA:256,0
DA:270,0
DA:274,0
DA:275,0
DA:277,0
DA:282,0
DA:286,0
DA:287,0
DA:291,0
DA:294,0
DA:300,0
DA:301,0
DA:317,0
DA:320,0
DA:324,0
DA:325,0
DA:329,0
DA:330,0
DA:331,0
DA:335,0
DA:336,0
DA:337,0
DA:338,0
DA:340,0
DA:344,0
DA:345,0
LF:84
LH:23
BRDA:43,0,0,0
BRDA:43,0,1,0
BRDA:52,1,0,0
BRDA:52,1,1,0
BRDA:55,2,0,0
BRDA:55,2,1,0
BRDA:56,3,0,0
BRDA:56,3,1,0
BRDA:62,4,0,0
BRDA:62,4,1,0
BRDA:74,5,0,0
BRDA:74,5,1,0
BRDA:93,6,0,1
BRDA:98,7,0,1
BRDA:98,7,1,0
BRDA:99,8,0,1
BRDA:99,8,1,0
BRDA:103,9,0,0
BRDA:104,10,0,0
BRDA:105,11,0,0
BRDA:106,12,0,0
BRDA:107,13,0,0
BRDA:117,14,0,0
BRDA:117,14,1,1
BRDA:118,15,0,0
BRDA:118,15,1,1
BRDA:119,16,0,0
BRDA:119,16,1,1
BRDA:121,17,0,0
BRDA:121,17,1,1
BRDA:121,18,0,1
BRDA:121,18,1,0
BRDA:138,19,0,0
BRDA:138,19,1,0
BRDA:138,20,0,0
BRDA:138,20,1,0
BRDA:139,21,0,0
BRDA:139,21,1,0
BRDA:139,22,0,0
BRDA:139,22,1,0
BRDA:140,23,0,0
BRDA:140,23,1,0
BRDA:140,24,0,0
BRDA:140,24,1,0
BRDA:146,25,0,0
BRDA:146,25,1,0
BRDA:152,26,0,0
BRDA:157,27,0,0
BRDA:170,28,0,0
BRDA:175,29,0,0
BRDA:188,30,0,0
BRDA:188,31,0,0
BRDA:188,31,1,0
BRDA:189,32,0,0
BRDA:189,32,1,0
BRDA:275,33,0,0
BRDA:294,34,0,0
BRDA:294,34,1,0
BRDA:296,35,0,0
BRDA:296,35,1,0
BRF:60
BRH:8
end_of_record
TN:
SF:src\modules\units\units.controller.ts
FN:14,(anonymous_4)
FN:19,(anonymous_5)
FN:25,(anonymous_6)
FN:31,(anonymous_7)
FN:38,(anonymous_8)
FN:45,(anonymous_9)
FN:52,(anonymous_10)
FNF:7
FNH:0
FNDA:0,(anonymous_4)
FNDA:0,(anonymous_5)
FNDA:0,(anonymous_6)
FNDA:0,(anonymous_7)
FNDA:0,(anonymous_8)
FNDA:0,(anonymous_9)
FNDA:0,(anonymous_10)
DA:1,0
DA:2,0
DA:3,0
DA:4,0
DA:5,0
DA:6,0
DA:7,0
DA:8,0
DA:9,0
DA:13,0
DA:14,0
DA:19,0
DA:20,0
DA:25,0
DA:26,0
DA:31,0
DA:32,0
DA:38,0
DA:39,0
DA:45,0
DA:46,0
DA:52,0
DA:53,0
LF:23
LH:0
BRF:0
BRH:0
end_of_record
TN:
SF:src\modules\units\units.module.ts
FNF:0
FNH:0
DA:1,0
DA:2,0
DA:3,0
DA:4,0
DA:11,0
LF:5
LH:0
BRF:0
BRH:0
end_of_record
TN:
SF:src\modules\units\units.repository.ts
FN:7,(anonymous_2)
FN:9,(anonymous_3)
FN:15,(anonymous_4)
FN:22,(anonymous_5)
FN:26,(anonymous_6)
FN:30,(anonymous_7)
FN:37,(anonymous_8)
FNF:7
FNH:0
FNDA:0,(anonymous_2)
FNDA:0,(anonymous_3)
FNDA:0,(anonymous_4)
FNDA:0,(anonymous_5)
FNDA:0,(anonymous_6)
FNDA:0,(anonymous_7)
FNDA:0,(anonymous_8)
DA:1,0
DA:2,0
DA:6,0
DA:7,0
DA:10,0
DA:16,0
DA:23,0
DA:27,0
DA:31,0
DA:38,0
LF:10
LH:0
BRF:0
BRH:0
end_of_record
TN:
SF:src\modules\units\units.service.ts
FN:8,(anonymous_2)
FN:13,(anonymous_3)
FN:17,(anonymous_4)
FN:21,(anonymous_5)
FN:27,(anonymous_6)
FN:32,(anonymous_7)
FN:37,(anonymous_8)
FNF:7
FNH:0
FNDA:0,(anonymous_2)
FNDA:0,(anonymous_3)
FNDA:0,(anonymous_4)
FNDA:0,(anonymous_5)
FNDA:0,(anonymous_6)
FNDA:0,(anonymous_7)
FNDA:0,(anonymous_8)
DA:1,0
DA:2,0
DA:3,0
DA:7,0
DA:9,0
DA:10,0
DA:14,0
DA:18,0
DA:22,0
DA:23,0
DA:24,0
DA:28,0
DA:29,0
DA:33,0
DA:34,0
DA:38,0
DA:39,0
DA:40,0
LF:18
LH:0
BRDA:23,0,0,0
BRDA:39,1,0,0
BRF:2
BRH:0
end_of_record
TN:
SF:src\modules\users\users.controller.ts
FN:16,(anonymous_4)
FN:21,(anonymous_5)
FN:27,(anonymous_6)
FN:34,(anonymous_7)
FN:41,(anonymous_8)
FN:48,(anonymous_9)
FN:58,(anonymous_10)
FNF:7
FNH:0
FNDA:0,(anonymous_4)
FNDA:0,(anonymous_5)
FNDA:0,(anonymous_6)
FNDA:0,(anonymous_7)
FNDA:0,(anonymous_8)
FNDA:0,(anonymous_9)
FNDA:0,(anonymous_10)
DA:1,0
DA:2,0
DA:3,0
DA:4,0
DA:5,0
DA:6,0
DA:7,0
DA:8,0
DA:9,0
DA:10,0
DA:11,0
DA:15,0
DA:16,0
DA:21,0
DA:22,0
DA:27,0
DA:28,0
DA:34,0
DA:35,0
DA:41,0
DA:42,0
DA:48,0
DA:53,0
DA:58,0
DA:59,0
LF:25
LH:0
BRF:0
BRH:0
end_of_record
TN:
SF:src\modules\users\users.module.ts
FNF:0
FNH:0
DA:1,0
DA:2,0
DA:3,0
DA:4,0
DA:11,0
LF:5
LH:0
BRF:0
BRH:0
end_of_record
TN:
SF:src\modules\users\users.repository.ts
FN:8,(anonymous_11)
FN:10,(anonymous_12)
FN:14,(anonymous_13)
FN:18,(anonymous_14)
FN:22,(anonymous_15)
FN:26,(anonymous_16)
FNF:6
FNH:0
FNDA:0,(anonymous_11)
FNDA:0,(anonymous_12)
FNDA:0,(anonymous_13)
FNDA:0,(anonymous_14)
FNDA:0,(anonymous_15)
FNDA:0,(anonymous_16)
DA:1,0
DA:2,0
DA:4,0
DA:7,0
DA:8,0
DA:11,0
DA:15,0
DA:19,0
DA:23,0
DA:27,0
DA:28,0
DA:30,0
DA:31,0
DA:33,0
DA:34,0
DA:39,0
DA:44,0
LF:17
LH:0
BRDA:28,0,0,0
BRDA:31,1,0,0
BRF:2
BRH:0
end_of_record
TN:
SF:src\modules\users\users.service.ts
FN:9,(anonymous_2)
FN:11,(anonymous_3)
FN:15,(anonymous_4)
FN:21,(anonymous_5)
FN:26,(anonymous_6)
FN:31,(anonymous_7)
FNF:6
FNH:0
FNDA:0,(anonymous_2)
FNDA:0,(anonymous_3)
FNDA:0,(anonymous_4)
FNDA:0,(anonymous_5)
FNDA:0,(anonymous_6)
FNDA:0,(anonymous_7)
DA:1,0
DA:2,0
DA:3,0
DA:8,0
DA:9,0
DA:12,0
DA:16,0
DA:17,0
DA:18,0
DA:22,0
DA:23,0
DA:27,0
DA:28,0
DA:32,0
DA:33,0
DA:36,0
DA:43,0
DA:44,0
DA:46,0
LF:19
LH:0
BRDA:17,0,0,0
BRDA:32,1,0,0
BRDA:43,2,0,0
BRDA:44,3,0,0
BRF:4
BRH:0
end_of_record
TN:
SF:src\modules\warehouses\warehouses.controller.ts
FN:14,(anonymous_4)
FN:19,(anonymous_5)
FN:25,(anonymous_6)
FN:31,(anonymous_7)
FN:38,(anonymous_8)
FN:45,(anonymous_9)
FN:52,(anonymous_10)
FNF:7
FNH:0
FNDA:0,(anonymous_4)
FNDA:0,(anonymous_5)
FNDA:0,(anonymous_6)
FNDA:0,(anonymous_7)
FNDA:0,(anonymous_8)
FNDA:0,(anonymous_9)
FNDA:0,(anonymous_10)
DA:1,0
DA:2,0
DA:3,0
DA:4,0
DA:5,0
DA:6,0
DA:7,0
DA:8,0
DA:9,0
DA:13,0
DA:14,0
DA:19,0
DA:20,0
DA:25,0
DA:26,0
DA:31,0
DA:32,0
DA:38,0
DA:39,0
DA:45,0
DA:46,0
DA:52,0
DA:53,0
LF:23
LH:0
BRF:0
BRH:0
end_of_record
TN:
SF:src\modules\warehouses\warehouses.module.ts
FNF:0
FNH:0
DA:1,0
DA:2,0
DA:3,0
DA:4,0
DA:11,0
LF:5
LH:0
BRF:0
BRH:0
end_of_record
TN:
SF:src\modules\warehouses\warehouses.repository.ts
FN:7,(anonymous_2)
FN:9,(anonymous_3)
FN:22,(anonymous_4)
FN:30,(anonymous_5)
FN:37,(anonymous_6)
FN:48,(anonymous_7)
FN:55,(anonymous_8)
FNF:7
FNH:0
FNDA:0,(anonymous_2)
FNDA:0,(anonymous_3)
FNDA:0,(anonymous_4)
FNDA:0,(anonymous_5)
FNDA:0,(anonymous_6)
FNDA:0,(anonymous_7)
FNDA:0,(anonymous_8)
DA:1,0
DA:2,0
DA:6,0
DA:7,0
DA:10,0
DA:23,0
DA:31,0
DA:38,0
DA:49,0
DA:56,0
LF:10
LH:0
BRDA:15,0,0,0
BRDA:15,0,1,0
BRDA:42,1,0,0
BRDA:42,1,1,0
BRDA:42,2,0,0
BRDA:42,2,1,0
BRF:6
BRH:0
end_of_record
TN:
SF:src\modules\warehouses\warehouses.service.ts
FN:8,(anonymous_2)
FN:13,(anonymous_3)
FN:17,(anonymous_4)
FN:21,(anonymous_5)
FN:27,(anonymous_6)
FN:32,(anonymous_7)
FN:37,(anonymous_8)
FNF:7
FNH:0
FNDA:0,(anonymous_2)
FNDA:0,(anonymous_3)
FNDA:0,(anonymous_4)
FNDA:0,(anonymous_5)
FNDA:0,(anonymous_6)
FNDA:0,(anonymous_7)
FNDA:0,(anonymous_8)
DA:1,0
DA:2,0
DA:3,0
DA:7,0
DA:9,0
DA:10,0
DA:14,0
DA:18,0
DA:22,0
DA:23,0
DA:24,0
DA:28,0
DA:29,0
DA:33,0
DA:34,0
DA:38,0
DA:41,0
DA:42,0
LF:18
LH:0
BRDA:23,0,0,0
BRDA:41,1,0,0
BRF:2
BRH:0
end_of_record
TN:
SF:src\orders\kitchen.gateway.ts
FN:18,(anonymous_4)
FN:23,(anonymous_5)
FN:27,(anonymous_6)
FNF:3
FNH:0
FNDA:0,(anonymous_4)
FNDA:0,(anonymous_5)
FNDA:0,(anonymous_6)
DA:1,0
DA:8,0
DA:13,0
DA:15,0
DA:18,0
DA:19,0
DA:20,0
DA:24,0
DA:28,0
LF:9
LH:0
BRF:0
BRH:0
end_of_record
TN:
SF:src\orders\orders.controller.ts
FN:19,(anonymous_4)
FN:23,(anonymous_5)
FN:28,(anonymous_6)
FN:33,(anonymous_7)
FN:39,(anonymous_8)
FN:45,(anonymous_9)
FN:55,(anonymous_10)
FN:65,(anonymous_11)
FNF:8
FNH:0
FNDA:0,(anonymous_4)
FNDA:0,(anonymous_5)
FNDA:0,(anonymous_6)
FNDA:0,(anonymous_7)
FNDA:0,(anonymous_8)
FNDA:0,(anonymous_9)
FNDA:0,(anonymous_10)
FNDA:0,(anonymous_11)
DA:1,0
DA:2,0
DA:3,0
DA:4,0
DA:5,0
DA:6,0
DA:7,0
DA:8,0
DA:9,0
DA:13,0
DA:18,0
DA:19,0
DA:23,0
DA:24,0
DA:28,0
DA:29,0
DA:33,0
DA:34,0
DA:39,0
DA:40,0
DA:45,0
DA:50,0
DA:55,0
DA:60,0
DA:65,0
DA:66,0
LF:26
LH:0
BRF:0
BRH:0
end_of_record
TN:
SF:src\orders\orders.module.ts
FNF:0
FNH:0
DA:1,0
DA:2,0
DA:3,0
DA:4,0
DA:11,0
LF:5
LH:0
BRF:0
BRH:0
end_of_record
TN:
SF:src\orders\orders.service.ts
FN:9,(anonymous_2)
FN:14,(anonymous_3)
FN:15,(anonymous_4)
FN:19,(anonymous_5)
FN:21,(anonymous_6)
FN:35,(anonymous_7)
FN:38,(anonymous_8)
FN:67,(anonymous_9)
FN:75,(anonymous_10)
FN:84,(anonymous_11)
FN:92,(anonymous_12)
FN:100,(anonymous_13)
FN:120,(anonymous_14)
FN:128,(anonymous_15)
FN:133,(anonymous_16)
FNF:15
FNH:0
FNDA:0,(anonymous_2)
FNDA:0,(anonymous_3)
FNDA:0,(anonymous_4)
FNDA:0,(anonymous_5)
FNDA:0,(anonymous_6)
FNDA:0,(anonymous_7)
FNDA:0,(anonymous_8)
FNDA:0,(anonymous_9)
FNDA:0,(anonymous_10)
FNDA:0,(anonymous_11)
FNDA:0,(anonymous_12)
FNDA:0,(anonymous_13)
FNDA:0,(anonymous_14)
FNDA:0,(anonymous_15)
FNDA:0,(anonymous_16)
DA:1,0
DA:2,0
DA:3,0
DA:4,0
DA:8,0
DA:10,0
DA:11,0
DA:15,0
DA:16,0
DA:19,0
DA:21,0
DA:22,0
DA:23,0
DA:24,0
DA:25,0
DA:36,0
DA:38,0
DA:39,0
DA:53,0
DA:54,0
DA:60,0
DA:63,0
DA:64,0
DA:68,0
DA:76,0
DA:80,0
DA:81,0
DA:85,0
DA:86,0
DA:87,0
DA:89,0
DA:91,0
DA:92,0
DA:95,0
DA:96,0
DA:97,0
DA:101,0
DA:105,0
DA:107,0
DA:112,0
DA:119,0
DA:120,0
DA:121,0
DA:122,0
DA:125,0
DA:129,0
DA:130,0
DA:134,0
DA:135,0
DA:136,0
DA:137,0
DA:142,0
LF:52
LH:0
BRDA:23,0,0,0
BRDA:24,1,0,0
BRDA:29,2,0,0
BRDA:29,2,1,0
BRDA:53,3,0,0
BRDA:69,4,0,0
BRDA:69,4,1,0
BRDA:80,5,0,0
BRDA:86,6,0,0
BRDA:86,7,0,0
BRDA:86,7,1,0
BRDA:105,8,0,0
BRDA:120,9,0,0
BRDA:120,9,1,0
BRDA:121,10,0,0
BRDA:136,11,0,0
BRF:16
BRH:0
end_of_record
TN:
SF:src\prisma\prisma.module.ts
FNF:0
FNH:0
DA:1,0
DA:2,0
DA:6,0
LF:3
LH:0
BRF:0
BRH:0
end_of_record
TN:
SF:src\prisma\prisma.service.ts
FN:9,(anonymous_2)
FN:12,(anonymous_3)
FN:33,(anonymous_4)
FN:41,(anonymous_5)
FNF:4
FNH:0
FNDA:0,(anonymous_2)
FNDA:0,(anonymous_3)
FNDA:0,(anonymous_4)
FNDA:0,(anonymous_5)
DA:1,13
DA:2,13
DA:5,13
DA:6,0
DA:7,0
DA:10,0
DA:12,0
DA:13,0
DA:14,0
DA:15,0
DA:17,0
DA:18,0
DA:19,0
DA:34,0
DA:35,0
DA:37,0
DA:42,0
DA:43,0
DA:45,0
LF:19
LH:3
BRDA:7,0,0,0
BRDA:7,0,1,0
BRDA:18,1,0,0
BRF:3
BRH:0
end_of_record
TN:
SF:src\products\products.controller.ts
FN:22,(anonymous_4)
FN:26,(anonymous_5)
FN:31,(anonymous_6)
FN:47,(anonymous_7)
FN:53,(anonymous_8)
FN:59,(anonymous_9)
FNF:6
FNH:0
FNDA:0,(anonymous_4)
FNDA:0,(anonymous_5)
FNDA:0,(anonymous_6)
FNDA:0,(anonymous_7)
FNDA:0,(anonymous_8)
FNDA:0,(anonymous_9)
DA:1,0
DA:12,0
DA:13,0
DA:14,0
DA:15,0
DA:16,0
DA:17,0
DA:21,0
DA:22,0
DA:26,0
DA:27,0
DA:31,0
DA:38,0
DA:47,0
DA:48,0
DA:53,0
DA:54,0
DA:59,0
DA:60,0
LF:19
LH:0
BRDA:41,0,0,0
BRDA:41,0,1,0
BRDA:42,1,0,0
BRDA:42,1,1,0
BRF:4
BRH:0
end_of_record
TN:
SF:src\products\products.module.ts
FNF:0
FNH:0
DA:1,0
DA:2,0
DA:3,0
DA:10,0
LF:4
LH:0
BRF:0
BRH:0
end_of_record
TN:
SF:src\products\products.service.ts
FN:7,(anonymous_2)
FN:9,(anonymous_3)
FN:15,(anonymous_4)
FN:41,(anonymous_5)
FN:47,(anonymous_6)
FN:52,(anonymous_7)
FNF:6
FNH:0
FNDA:0,(anonymous_2)
FNDA:0,(anonymous_3)
FNDA:0,(anonymous_4)
FNDA:0,(anonymous_5)
FNDA:0,(anonymous_6)
FNDA:0,(anonymous_7)
DA:1,0
DA:2,0
DA:6,0
DA:7,0
DA:10,0
DA:16,0
DA:17,0
DA:19,0
DA:27,0
DA:38,0
DA:42,0
DA:43,0
DA:44,0
DA:48,0
DA:49,0
DA:53,0
DA:54,0
DA:55,0
LF:18
LH:0
BRDA:16,0,0,0
BRDA:16,0,1,0
BRDA:16,1,0,0
BRDA:16,1,1,0
BRDA:17,2,0,0
BRDA:17,2,1,0
BRDA:17,3,0,0
BRDA:17,3,1,0
BRDA:21,4,0,0
BRDA:21,4,1,0
BRDA:22,5,0,0
BRDA:22,5,1,0
BRDA:43,6,0,0
BRF:13
BRH:0
end_of_record
TN:
SF:src\tables\tables.controller.ts
FN:27,(anonymous_4)
FN:31,(anonymous_5)
FN:36,(anonymous_6)
FN:41,(anonymous_7)
FNF:4
FNH:0
FNDA:0,(anonymous_4)
FNDA:0,(anonymous_5)
FNDA:0,(anonymous_6)
FNDA:0,(anonymous_7)
DA:1,0
DA:2,0
DA:3,0
DA:4,0
DA:5,0
DA:6,0
DA:7,0
DA:8,0
DA:12,0
DA:16,0
DA:21,0
DA:26,0
DA:27,0
DA:31,0
DA:32,0
DA:36,0
DA:37,0
DA:41,0
DA:46,0
LF:19
LH:0
BRF:0
BRH:0
end_of_record
TN:
SF:src\tables\tables.module.ts
FNF:0
FNH:0
DA:1,0
DA:2,0
DA:3,0
DA:9,0
LF:4
LH:0
BRF:0
BRH:0
end_of_record
TN:
SF:src\tables\tables.service.ts
FN:7,(anonymous_2)
FN:9,(anonymous_3)
FN:13,(anonymous_4)
FN:26,(anonymous_5)
FNF:4
FNH:0
FNDA:0,(anonymous_2)
FNDA:0,(anonymous_3)
FNDA:0,(anonymous_4)
FNDA:0,(anonymous_5)
DA:1,0
DA:3,0
DA:6,0
DA:7,0
DA:10,0
DA:14,0
DA:27,0
DA:28,0
DA:29,0
LF:9
LH:0
BRDA:28,0,0,0
BRF:1
BRH:0
end_of_record
